0 verbose cli /usr/local/bin/node /usr/local/bin/npm
1 info using npm@10.9.0
2 info using node@v22.11.0
3 silly config load:file:/usr/local/lib/node_modules/npm/npmrc
4 silly config load:file:/Users/bryankier/Work/Task-Flow/.npmrc
5 silly config load:file:/Users/bryankier/.npmrc
6 silly config load:file:/Users/bryankier/.npm-global/etc/npmrc
7 verbose title npm install @tanstack/react-query-persist-client localforage
8 verbose argv "install" "@tanstack/react-query-persist-client" "localforage" "--cache" "/Users/bryankier/Work/Task-Flow/.npm-cache"
9 verbose logfile logs-max:10 dir:/Users/bryankier/Work/Task-Flow/.npm-cache/_logs/2025-12-09T04_24_03_834Z-
10 verbose logfile /Users/bryankier/Work/Task-Flow/.npm-cache/_logs/2025-12-09T04_24_03_834Z-debug-0.log
11 silly logfile done cleaning log files
12 silly packumentCache heap:2197815296 maxSize:549453824 maxEntrySize:274726912
13 silly idealTree buildDeps
14 silly fetch manifest @tanstack/react-query-persist-client@*
15 silly packumentCache full:https://registry.npmjs.org/@tanstack%2freact-query-persist-client cache-miss
16 verbose shrinkwrap failed to load node_modules/.package-lock.json out of date, updated: node_modules
17 http fetch GET 200 https://registry.npmjs.org/@tanstack%2freact-query-persist-client 519ms (cache miss)
18 silly packumentCache full:https://registry.npmjs.org/@tanstack%2freact-query-persist-client set size:undefined disposed:false
19 silly fetch manifest @tanstack/react-query@^5.60.5
20 silly packumentCache full:https://registry.npmjs.org/@tanstack%2freact-query cache-miss
21 http fetch GET 200 https://registry.npmjs.org/@tanstack%2freact-query 139ms (cache miss)
22 silly packumentCache full:https://registry.npmjs.org/@tanstack%2freact-query set size:undefined disposed:false
23 silly fetch manifest react@^18.3.1
24 silly packumentCache full:https://registry.npmjs.org/react cache-miss
25 http fetch GET 200 https://registry.npmjs.org/react 320ms (cache miss)
26 silly packumentCache full:https://registry.npmjs.org/react set size:undefined disposed:false
27 silly fetch manifest localforage@*
28 silly packumentCache full:https://registry.npmjs.org/localforage cache-miss
29 http fetch GET 200 https://registry.npmjs.org/localforage 94ms (cache miss)
30 silly packumentCache full:https://registry.npmjs.org/localforage set size:undefined disposed:false
31 silly placeDep ROOT @tanstack/react-query-persist-client@5.90.14 OK for: rest-express@1.0.0 want: *
32 silly placeDep ROOT @tanstack/react-query@5.90.12 REPLACE for: @tanstack/react-query-persist-client@5.90.14 want: ^5.90.12
33 silly placeDep ROOT localforage@1.10.0 OK for: rest-express@1.0.0 want: *
34 silly fetch manifest @tanstack/query-persist-client-core@5.91.11
35 silly packumentCache full:https://registry.npmjs.org/@tanstack%2fquery-persist-client-core cache-miss
36 silly fetch manifest @tanstack/query-core@5.90.12
37 silly packumentCache full:https://registry.npmjs.org/@tanstack%2fquery-core cache-miss
38 silly fetch manifest lie@3.1.1
39 silly packumentCache full:https://registry.npmjs.org/lie cache-miss
40 http fetch GET 200 https://registry.npmjs.org/lie 360ms (cache miss)
41 silly packumentCache full:https://registry.npmjs.org/lie set size:undefined disposed:false
42 http fetch GET 200 https://registry.npmjs.org/@tanstack%2fquery-core 472ms (cache miss)
43 silly packumentCache full:https://registry.npmjs.org/@tanstack%2fquery-core set size:undefined disposed:false
44 http fetch GET 200 https://registry.npmjs.org/@tanstack%2fquery-persist-client-core 1092ms (cache miss)
45 silly packumentCache full:https://registry.npmjs.org/@tanstack%2fquery-persist-client-core set size:undefined disposed:false
46 silly placeDep ROOT @tanstack/query-core@5.90.12 OK for: @tanstack/react-query@5.90.12 want: 5.90.12
47 silly placeDep ROOT @tanstack/query-persist-client-core@5.91.11 OK for: @tanstack/react-query-persist-client@5.90.14 want: 5.91.11
48 silly placeDep ROOT lie@3.1.1 OK for: localforage@1.10.0 want: 3.1.1
49 silly fetch manifest immediate@~3.0.5
50 silly packumentCache full:https://registry.npmjs.org/immediate cache-miss
51 http fetch GET 200 https://registry.npmjs.org/immediate 86ms (cache miss)
52 silly packumentCache full:https://registry.npmjs.org/immediate set size:undefined disposed:false
53 silly placeDep ROOT immediate@3.0.6 OK for: lie@3.1.1 want: ~3.0.5
54 silly reify mark retired [ '/Users/bryankier/Work/Task-Flow/node_modules/@tanstack/query-core' ]
55 silly reify mark retired [
55 silly reify   '/Users/bryankier/Work/Task-Flow/node_modules/@tanstack/react-query'
55 silly reify ]
56 silly reify moves {
56 silly reify   '/Users/bryankier/Work/Task-Flow/node_modules/@tanstack/query-core': '/Users/bryankier/Work/Task-Flow/node_modules/@tanstack/.query-core-jKJqlJCz',
56 silly reify   '/Users/bryankier/Work/Task-Flow/node_modules/@tanstack/react-query': '/Users/bryankier/Work/Task-Flow/node_modules/@tanstack/.react-query-nvpGsg2x'
56 silly reify }
57 silly audit bulk request {
57 silly audit   '@alloc/quick-lru': [ '5.2.0' ],
57 silly audit   '@apideck/better-ajv-errors': [ '0.3.6' ],
57 silly audit   '@babel/code-frame': [ '7.27.1' ],
57 silly audit   '@babel/compat-data': [ '7.28.5' ],
57 silly audit   '@babel/core': [ '7.28.4' ],
57 silly audit   '@babel/generator': [ '7.28.5' ],
57 silly audit   '@babel/helper-annotate-as-pure': [ '7.27.3' ],
57 silly audit   '@babel/helper-compilation-targets': [ '7.27.2' ],
57 silly audit   '@babel/helper-create-class-features-plugin': [ '7.28.5' ],
57 silly audit   '@babel/helper-create-regexp-features-plugin': [ '7.28.5' ],
57 silly audit   '@babel/helper-define-polyfill-provider': [ '0.6.5' ],
57 silly audit   '@babel/helper-globals': [ '7.28.0' ],
57 silly audit   '@babel/helper-member-expression-to-functions': [ '7.28.5' ],
57 silly audit   '@babel/helper-module-imports': [ '7.27.1' ],
57 silly audit   '@babel/helper-module-transforms': [ '7.28.3' ],
57 silly audit   '@babel/helper-optimise-call-expression': [ '7.27.1' ],
57 silly audit   '@babel/helper-plugin-utils': [ '7.27.1' ],
57 silly audit   '@babel/helper-remap-async-to-generator': [ '7.27.1' ],
57 silly audit   '@babel/helper-replace-supers': [ '7.27.1' ],
57 silly audit   '@babel/helper-skip-transparent-expression-wrappers': [ '7.27.1' ],
57 silly audit   '@babel/helper-string-parser': [ '7.27.1' ],
57 silly audit   '@babel/helper-validator-identifier': [ '7.28.5' ],
57 silly audit   '@babel/helper-validator-option': [ '7.27.1' ],
57 silly audit   '@babel/helper-wrap-function': [ '7.28.3' ],
57 silly audit   '@babel/helpers': [ '7.28.4' ],
57 silly audit   '@babel/parser': [ '7.28.5' ],
57 silly audit   '@babel/plugin-bugfix-firefox-class-in-computed-class-key': [ '7.28.5' ],
57 silly audit   '@babel/plugin-bugfix-safari-class-field-initializer-scope': [ '7.27.1' ],
57 silly audit   '@babel/plugin-bugfix-safari-id-destructuring-collision-in-function-expression': [ '7.27.1' ],
57 silly audit   '@babel/plugin-bugfix-v8-spread-parameters-in-optional-chaining': [ '7.27.1' ],
57 silly audit   '@babel/plugin-bugfix-v8-static-class-fields-redefine-readonly': [ '7.28.3' ],
57 silly audit   '@babel/plugin-proposal-private-property-in-object': [ '7.21.0-placeholder-for-preset-env.2' ],
57 silly audit   '@babel/plugin-syntax-import-assertions': [ '7.27.1' ],
57 silly audit   '@babel/plugin-syntax-import-attributes': [ '7.27.1' ],
57 silly audit   '@babel/plugin-syntax-unicode-sets-regex': [ '7.18.6' ],
57 silly audit   '@babel/plugin-transform-arrow-functions': [ '7.27.1' ],
57 silly audit   '@babel/plugin-transform-async-generator-functions': [ '7.28.0' ],
57 silly audit   '@babel/plugin-transform-async-to-generator': [ '7.27.1' ],
57 silly audit   '@babel/plugin-transform-block-scoped-functions': [ '7.27.1' ],
57 silly audit   '@babel/plugin-transform-block-scoping': [ '7.28.5' ],
57 silly audit   '@babel/plugin-transform-class-properties': [ '7.27.1' ],
57 silly audit   '@babel/plugin-transform-class-static-block': [ '7.28.3' ],
57 silly audit   '@babel/plugin-transform-classes': [ '7.28.4' ],
57 silly audit   '@babel/plugin-transform-computed-properties': [ '7.27.1' ],
57 silly audit   '@babel/plugin-transform-destructuring': [ '7.28.5' ],
57 silly audit   '@babel/plugin-transform-dotall-regex': [ '7.27.1' ],
57 silly audit   '@babel/plugin-transform-duplicate-keys': [ '7.27.1' ],
57 silly audit   '@babel/plugin-transform-duplicate-named-capturing-groups-regex': [ '7.27.1' ],
57 silly audit   '@babel/plugin-transform-dynamic-import': [ '7.27.1' ],
57 silly audit   '@babel/plugin-transform-explicit-resource-management': [ '7.28.0' ],
57 silly audit   '@babel/plugin-transform-exponentiation-operator': [ '7.28.5' ],
57 silly audit   '@babel/plugin-transform-export-namespace-from': [ '7.27.1' ],
57 silly audit   '@babel/plugin-transform-for-of': [ '7.27.1' ],
57 silly audit   '@babel/plugin-transform-function-name': [ '7.27.1' ],
57 silly audit   '@babel/plugin-transform-json-strings': [ '7.27.1' ],
57 silly audit   '@babel/plugin-transform-literals': [ '7.27.1' ],
57 silly audit   '@babel/plugin-transform-logical-assignment-operators': [ '7.28.5' ],
57 silly audit   '@babel/plugin-transform-member-expression-literals': [ '7.27.1' ],
57 silly audit   '@babel/plugin-transform-modules-amd': [ '7.27.1' ],
57 silly audit   '@babel/plugin-transform-modules-commonjs': [ '7.27.1' ],
57 silly audit   '@babel/plugin-transform-modules-systemjs': [ '7.28.5' ],
57 silly audit   '@babel/plugin-transform-modules-umd': [ '7.27.1' ],
57 silly audit   '@babel/plugin-transform-named-capturing-groups-regex': [ '7.27.1' ],
57 silly audit   '@babel/plugin-transform-new-target': [ '7.27.1' ],
57 silly audit   '@babel/plugin-transform-nullish-coalescing-operator': [ '7.27.1' ],
57 silly audit   '@babel/plugin-transform-numeric-separator': [ '7.27.1' ],
57 silly audit   '@babel/plugin-transform-object-rest-spread': [ '7.28.4' ],
57 silly audit   '@babel/plugin-transform-object-super': [ '7.27.1' ],
57 silly audit   '@babel/plugin-transform-optional-catch-binding': [ '7.27.1' ],
57 silly audit   '@babel/plugin-transform-optional-chaining': [ '7.28.5' ],
57 silly audit   '@babel/plugin-transform-parameters': [ '7.27.7' ],
57 silly audit   '@babel/plugin-transform-private-methods': [ '7.27.1' ],
57 silly audit   '@babel/plugin-transform-private-property-in-object': [ '7.27.1' ],
57 silly audit   '@babel/plugin-transform-property-literals': [ '7.27.1' ],
57 silly audit   '@babel/plugin-transform-react-jsx-self': [ '7.27.1' ],
57 silly audit   '@babel/plugin-transform-react-jsx-source': [ '7.27.1' ],
57 silly audit   '@babel/plugin-transform-regenerator': [ '7.28.4' ],
57 silly audit   '@babel/plugin-transform-regexp-modifiers': [ '7.27.1' ],
57 silly audit   '@babel/plugin-transform-reserved-words': [ '7.27.1' ],
57 silly audit   '@babel/plugin-transform-shorthand-properties': [ '7.27.1' ],
57 silly audit   '@babel/plugin-transform-spread': [ '7.27.1' ],
57 silly audit   '@babel/plugin-transform-sticky-regex': [ '7.27.1' ],
57 silly audit   '@babel/plugin-transform-template-literals': [ '7.27.1' ],
57 silly audit   '@babel/plugin-transform-typeof-symbol': [ '7.27.1' ],
57 silly audit   '@babel/plugin-transform-unicode-escapes': [ '7.27.1' ],
57 silly audit   '@babel/plugin-transform-unicode-property-regex': [ '7.27.1' ],
57 silly audit   '@babel/plugin-transform-unicode-regex': [ '7.27.1' ],
57 silly audit   '@babel/plugin-transform-unicode-sets-regex': [ '7.27.1' ],
57 silly audit   '@babel/preset-env': [ '7.28.5' ],
57 silly audit   '@babel/preset-modules': [ '0.1.6-no-external-plugins' ],
57 silly audit   '@babel/runtime': [ '7.27.0' ],
57 silly audit   '@babel/template': [ '7.27.2' ],
57 silly audit   '@babel/traverse': [ '7.28.5' ],
57 silly audit   '@babel/types': [ '7.28.5' ],
57 silly audit   '@cspotcode/source-map-support': [ '0.8.1' ],
57 silly audit   '@jridgewell/trace-mapping': [ '0.3.9', '0.3.31' ],
57 silly audit   '@drizzle-team/brocli': [ '0.10.2' ],
57 silly audit   '@edge-runtime/format': [ '2.2.1' ],
57 silly audit   '@edge-runtime/node-utils': [ '2.3.0' ],
57 silly audit   '@edge-runtime/ponyfill': [ '2.4.2' ],
57 silly audit   '@edge-runtime/primitives': [ '4.1.0' ],
57 silly audit   '@edge-runtime/vm': [ '3.2.0' ],
57 silly audit   '@esbuild-kit/core-utils': [ '3.3.2' ],
57 silly audit   '@esbuild/android-arm': [ '0.18.20', '0.25.9', '0.21.5' ],
57 silly audit   '@esbuild/android-arm64': [ '0.18.20', '0.25.9', '0.21.5' ],
57 silly audit   '@esbuild/android-x64': [ '0.18.20', '0.25.9', '0.21.5' ],
57 silly audit   '@esbuild/darwin-arm64': [ '0.18.20', '0.25.9', '0.21.5' ],
57 silly audit   '@esbuild/darwin-x64': [ '0.18.20', '0.25.9', '0.21.5' ],
57 silly audit   '@esbuild/freebsd-arm64': [ '0.18.20', '0.25.9', '0.21.5' ],
57 silly audit   '@esbuild/freebsd-x64': [ '0.18.20', '0.25.9', '0.21.5' ],
57 silly audit   '@esbuild/linux-arm': [ '0.18.20', '0.25.9', '0.21.5' ],
57 silly audit   '@esbuild/linux-arm64': [ '0.18.20', '0.25.9', '0.21.5' ],
57 silly audit   '@esbuild/linux-ia32': [ '0.18.20', '0.25.9', '0.21.5' ],
57 silly audit   '@esbuild/linux-loong64': [ '0.18.20', '0.25.9', '0.21.5' ],
57 silly audit   '@esbuild/linux-mips64el': [ '0.18.20', '0.25.9', '0.21.5' ],
57 silly audit   '@esbuild/linux-ppc64': [ '0.18.20', '0.25.9', '0.21.5' ],
57 silly audit   '@esbuild/linux-riscv64': [ '0.18.20', '0.25.9', '0.21.5' ],
57 silly audit   '@esbuild/linux-s390x': [ '0.18.20', '0.25.9', '0.21.5' ],
57 silly audit   '@esbuild/linux-x64': [ '0.18.20', '0.25.9', '0.21.5' ],
57 silly audit   '@esbuild/netbsd-x64': [ '0.18.20', '0.25.9', '0.21.5' ],
57 silly audit   '@esbuild/openbsd-x64': [ '0.18.20', '0.25.9', '0.21.5' ],
57 silly audit   '@esbuild/sunos-x64': [ '0.18.20', '0.25.9', '0.21.5' ],
57 silly audit   '@esbuild/win32-arm64': [ '0.18.20', '0.25.9', '0.21.5' ],
57 silly audit   '@esbuild/win32-ia32': [ '0.18.20', '0.25.9', '0.21.5' ],
57 silly audit   '@esbuild/win32-x64': [ '0.18.20', '0.25.9', '0.21.5' ],
57 silly audit   esbuild: [ '0.18.20', '0.14.47', '0.25.9', '0.21.5' ],
57 silly audit   '@esbuild-kit/esm-loader': [ '2.6.5' ],
57 silly audit   '@esbuild/aix-ppc64': [ '0.25.9', '0.21.5' ],
57 silly audit   '@esbuild/netbsd-arm64': [ '0.25.9' ],
57 silly audit   '@esbuild/openbsd-arm64': [ '0.25.9' ],
57 silly audit   '@esbuild/openharmony-arm64': [ '0.25.9' ],
57 silly audit   '@fastify/busboy': [ '2.1.1' ],
57 silly audit   '@floating-ui/core': [ '1.6.9' ],
57 silly audit   '@floating-ui/dom': [ '1.6.13' ],
57 silly audit   '@floating-ui/react-dom': [ '2.1.2' ],
57 silly audit   '@floating-ui/utils': [ '0.2.9' ],
57 silly audit   '@hookform/resolvers': [ '3.10.0' ],
57 silly audit   '@isaacs/balanced-match': [ '4.0.1' ],
57 silly audit   '@isaacs/brace-expansion': [ '5.0.0' ],
57 silly audit   '@isaacs/cliui': [ '8.0.2' ],
57 silly audit   '@jridgewell/gen-mapping': [ '0.3.13' ],
57 silly audit   '@jridgewell/remapping': [ '2.3.5' ],
57 silly audit   '@jridgewell/resolve-uri': [ '3.1.2' ],
57 silly audit   '@jridgewell/source-map': [ '0.3.11' ],
57 silly audit   '@jridgewell/sourcemap-codec': [ '1.5.0' ],
57 silly audit   '@mapbox/node-pre-gyp': [ '1.0.11' ],
57 silly audit   semver: [ '7.7.3', '6.3.1' ],
57 silly audit   '@neondatabase/serverless': [ '0.10.4' ],
57 silly audit   '@nodelib/fs.scandir': [ '2.1.5' ],
57 silly audit   '@nodelib/fs.stat': [ '2.0.5' ],
57 silly audit   '@nodelib/fs.walk': [ '1.2.8' ],
57 silly audit   '@pkgjs/parseargs': [ '0.11.0' ],
57 silly audit   '@radix-ui/number': [ '1.1.1' ],
57 silly audit   '@radix-ui/primitive': [ '1.1.2' ],
57 silly audit   '@radix-ui/react-accordion': [ '1.2.4' ],
57 silly audit   '@radix-ui/react-alert-dialog': [ '1.1.7' ],
57 silly audit   '@radix-ui/react-arrow': [ '1.1.3' ],
57 silly audit   '@radix-ui/react-aspect-ratio': [ '1.1.3' ],
57 silly audit   '@radix-ui/react-avatar': [ '1.1.4' ],
57 silly audit   '@radix-ui/react-checkbox': [ '1.1.5' ],
57 silly audit   '@radix-ui/react-collapsible': [ '1.1.4' ],
57 silly audit   '@radix-ui/react-collection': [ '1.1.3' ],
57 silly audit   '@radix-ui/react-compose-refs': [ '1.1.2' ],
57 silly audit   '@radix-ui/react-context': [ '1.1.2' ],
57 silly audit   '@radix-ui/react-context-menu': [ '2.2.7' ],
57 silly audit   '@radix-ui/react-dialog': [ '1.1.7' ],
57 silly audit   '@radix-ui/react-direction': [ '1.1.1' ],
57 silly audit   '@radix-ui/react-dismissable-layer': [ '1.1.6' ],
57 silly audit   '@radix-ui/react-dropdown-menu': [ '2.1.7' ],
57 silly audit   '@radix-ui/react-focus-guards': [ '1.1.2' ],
57 silly audit   '@radix-ui/react-focus-scope': [ '1.1.3' ],
57 silly audit   '@radix-ui/react-hover-card': [ '1.1.7' ],
57 silly audit   '@radix-ui/react-id': [ '1.1.1' ],
57 silly audit   '@radix-ui/react-label': [ '2.1.3' ],
57 silly audit   '@radix-ui/react-menu': [ '2.1.7' ],
57 silly audit   '@radix-ui/react-menubar': [ '1.1.7' ],
57 silly audit   '@radix-ui/react-navigation-menu': [ '1.2.6' ],
57 silly audit   '@radix-ui/react-popover': [ '1.1.7' ],
57 silly audit   '@radix-ui/react-popper': [ '1.2.3' ],
57 silly audit   '@radix-ui/react-portal': [ '1.1.5' ],
57 silly audit   '@radix-ui/react-presence': [ '1.1.3' ],
57 silly audit   '@radix-ui/react-primitive': [ '2.0.3' ],
57 silly audit   '@radix-ui/react-progress': [ '1.1.3' ],
57 silly audit   '@radix-ui/react-radio-group': [ '1.2.4' ],
57 silly audit   '@radix-ui/react-roving-focus': [ '1.1.3' ],
57 silly audit   '@radix-ui/react-scroll-area': [ '1.2.4' ],
57 silly audit   '@radix-ui/react-select': [ '2.1.7' ],
57 silly audit   '@radix-ui/react-separator': [ '1.1.3' ],
57 silly audit   '@radix-ui/react-slider': [ '1.2.4' ],
57 silly audit   '@radix-ui/react-slot': [ '1.2.0' ],
57 silly audit   '@radix-ui/react-switch': [ '1.1.4' ],
57 silly audit   '@radix-ui/react-tabs': [ '1.1.4' ],
57 silly audit   '@radix-ui/react-toast': [ '1.2.7' ],
57 silly audit   '@radix-ui/react-toggle': [ '1.1.3' ],
57 silly audit   '@radix-ui/react-toggle-group': [ '1.1.3' ],
57 silly audit   '@radix-ui/react-tooltip': [ '1.2.0' ],
57 silly audit   '@radix-ui/react-use-callback-ref': [ '1.1.1' ],
57 silly audit   '@radix-ui/react-use-controllable-state': [ '1.1.1' ],
57 silly audit   '@radix-ui/react-use-escape-keydown': [ '1.1.1' ],
57 silly audit   '@radix-ui/react-use-layout-effect': [ '1.1.1' ],
57 silly audit   '@radix-ui/react-use-previous': [ '1.1.1' ],
57 silly audit   '@radix-ui/react-use-rect': [ '1.1.1' ],
57 silly audit   '@radix-ui/react-use-size': [ '1.1.1' ],
57 silly audit   '@radix-ui/react-visually-hidden': [ '1.1.3' ],
57 silly audit   '@radix-ui/rect': [ '1.1.1' ],
57 silly audit   '@replit/vite-plugin-cartographer': [ '0.4.4' ],
57 silly audit   '@replit/vite-plugin-dev-banner': [ '0.1.1' ],
57 silly audit   '@replit/vite-plugin-runtime-error-modal': [ '0.0.3' ],
57 silly audit   '@rolldown/pluginutils': [ '1.0.0-beta.27' ],
57 silly audit   '@rollup/plugin-node-resolve': [ '15.3.1' ],
57 silly audit   '@rollup/pluginutils': [ '5.3.0', '4.2.1', '3.1.0' ],
57 silly audit   picomatch: [ '4.0.3', '2.3.1' ],
57 silly audit   '@rollup/plugin-terser': [ '0.4.4' ],
57 silly audit   '@rollup/rollup-android-arm-eabi': [ '4.24.4' ],
57 silly audit   '@rollup/rollup-android-arm64': [ '4.24.4' ],
57 silly audit   '@rollup/rollup-darwin-arm64': [ '4.24.4' ],
57 silly audit   '@rollup/rollup-darwin-x64': [ '4.24.4' ],
57 silly audit   '@rollup/rollup-freebsd-arm64': [ '4.24.4' ],
57 silly audit   '@rollup/rollup-freebsd-x64': [ '4.24.4' ],
57 silly audit   '@rollup/rollup-linux-arm-gnueabihf': [ '4.24.4' ],
57 silly audit   '@rollup/rollup-linux-arm-musleabihf': [ '4.24.4' ],
57 silly audit   '@rollup/rollup-linux-arm64-gnu': [ '4.24.4' ],
57 silly audit   '@rollup/rollup-linux-arm64-musl': [ '4.24.4' ],
57 silly audit   '@rollup/rollup-linux-powerpc64le-gnu': [ '4.24.4' ],
57 silly audit   '@rollup/rollup-linux-riscv64-gnu': [ '4.24.4' ],
57 silly audit   '@rollup/rollup-linux-s390x-gnu': [ '4.24.4' ],
57 silly audit   '@rollup/rollup-linux-x64-gnu': [ '4.24.4' ],
57 silly audit   '@rollup/rollup-linux-x64-musl': [ '4.24.4' ],
57 silly audit   '@rollup/rollup-win32-arm64-msvc': [ '4.24.4' ],
57 silly audit   '@rollup/rollup-win32-ia32-msvc': [ '4.24.4' ],
57 silly audit   '@rollup/rollup-win32-x64-msvc': [ '4.24.4' ],
57 silly audit   '@surma/rollup-plugin-off-main-thread': [ '2.2.3' ],
57 silly audit   'magic-string': [ '0.25.9', '0.30.17' ],
57 silly audit   '@tailwindcss/node': [ '4.1.3' ],
57 silly audit   jiti: [ '2.4.2', '1.21.6' ],
57 silly audit   tailwindcss: [ '4.1.3', '3.4.17' ],
57 silly audit   '@tailwindcss/oxide': [ '4.1.3' ],
57 silly audit   '@tailwindcss/oxide-android-arm64': [ '4.1.3' ],
57 silly audit   '@tailwindcss/oxide-darwin-arm64': [ '4.1.3' ],
57 silly audit   '@tailwindcss/oxide-darwin-x64': [ '4.1.3' ],
57 silly audit   '@tailwindcss/oxide-freebsd-x64': [ '4.1.3' ],
57 silly audit   '@tailwindcss/oxide-linux-arm-gnueabihf': [ '4.1.3' ],
57 silly audit   '@tailwindcss/oxide-linux-arm64-gnu': [ '4.1.3' ],
57 silly audit   '@tailwindcss/oxide-linux-arm64-musl': [ '4.1.3' ],
57 silly audit   '@tailwindcss/oxide-linux-x64-gnu': [ '4.1.3' ],
57 silly audit   '@tailwindcss/oxide-linux-x64-musl': [ '4.1.3' ],
57 silly audit   '@tailwindcss/oxide-win32-arm64-msvc': [ '4.1.3' ],
57 silly audit   '@tailwindcss/oxide-win32-x64-msvc': [ '4.1.3' ],
57 silly audit   '@tailwindcss/typography': [ '0.5.15' ],
57 silly audit   'postcss-selector-parser': [ '6.0.10', '6.1.2' ],
57 silly audit   '@tailwindcss/vite': [ '4.1.3' ],
57 silly audit   '@ts-morph/common': [ '0.11.1' ],
57 silly audit   'brace-expansion': [ '1.1.12', '2.0.1' ],
57 silly audit   minimatch: [ '3.1.2', '5.1.6', '9.0.5', '10.1.1' ],
57 silly audit   '@tsconfig/node10': [ '1.0.12' ],
57 silly audit   '@tsconfig/node12': [ '1.0.11' ],
57 silly audit   '@tsconfig/node14': [ '1.0.3' ],
57 silly audit   '@tsconfig/node16': [ '1.0.4' ],
57 silly audit   '@types/babel__core': [ '7.20.5' ],
57 silly audit   '@types/babel__generator': [ '7.6.8' ],
57 silly audit   '@types/babel__template': [ '7.4.4' ],
57 silly audit   '@types/babel__traverse': [ '7.20.6' ],
57 silly audit   '@types/body-parser': [ '1.19.5' ],
57 silly audit   '@types/connect': [ '3.4.38' ],
57 silly audit   '@types/connect-pg-simple': [ '7.0.3' ],
57 silly audit   '@types/d3-array': [ '3.2.1' ],
57 silly audit   '@types/d3-color': [ '3.1.3' ],
57 silly audit   '@types/d3-ease': [ '3.0.2' ],
57 silly audit   '@types/d3-interpolate': [ '3.0.4' ],
57 silly audit   '@types/d3-path': [ '3.1.0' ],
57 silly audit   '@types/d3-scale': [ '4.0.8' ],
57 silly audit   '@types/d3-shape': [ '3.1.6' ],
57 silly audit   '@types/d3-time': [ '3.0.3' ],
57 silly audit   '@types/d3-timer': [ '3.0.2' ],
57 silly audit   '@types/estree': [ '1.0.6', '0.0.39' ],
57 silly audit   '@types/express': [ '4.17.21' ],
57 silly audit   '@types/express-serve-static-core': [ '4.19.6' ],
57 silly audit   '@types/express-session': [ '1.18.0' ],
57 silly audit   '@types/http-errors': [ '2.0.4' ],
57 silly audit   '@types/json-schema': [ '7.0.15' ],
57 silly audit   '@types/mime': [ '1.3.5' ],
57 silly audit   '@types/node': [ '20.16.11', '16.18.11' ],
57 silly audit   '@types/node-cron': [ '3.0.11' ],
57 silly audit   '@types/passport': [ '1.0.17' ],
57 silly audit   '@types/passport-local': [ '1.0.38' ],
57 silly audit   '@types/passport-strategy': [ '0.2.38' ],
57 silly audit   '@types/pg': [ '8.11.6' ],
57 silly audit   '@types/prop-types': [ '15.7.13' ],
57 silly audit   '@types/qs': [ '6.9.16' ],
57 silly audit   '@types/range-parser': [ '1.2.7' ],
57 silly audit   '@types/react': [ '18.3.12' ],
57 silly audit   '@types/react-dom': [ '18.3.1' ],
57 silly audit   '@types/resolve': [ '1.20.2' ],
57 silly audit   '@types/send': [ '0.17.4' ],
57 silly audit   '@types/serve-static': [ '1.15.7' ],
57 silly audit   '@types/trusted-types': [ '2.0.7' ],
57 silly audit   '@types/ws': [ '8.5.13' ],
57 silly audit   '@vercel/build-utils': [ '8.7.0' ],
57 silly audit   '@vercel/error-utils': [ '2.0.3' ],
57 silly audit   '@vercel/nft': [ '0.27.3' ],
57 silly audit   glob: [ '7.2.3', '10.4.5', '11.1.0' ],
57 silly audit   '@vercel/node': [ '3.2.29' ],
57 silly audit   'path-to-regexp': [ '6.2.1', '0.1.12' ],
57 silly audit   typescript: [ '4.9.5', '5.6.3' ],
57 silly audit   '@vercel/static-config': [ '3.0.0' ],
57 silly audit   '@vitejs/plugin-react': [ '4.7.0' ],
57 silly audit   abbrev: [ '1.1.1' ],
57 silly audit   accepts: [ '1.3.8' ],
57 silly audit   acorn: [ '8.15.0' ],
57 silly audit   'acorn-import-attributes': [ '1.9.5' ],
57 silly audit   'acorn-walk': [ '8.3.4' ],
57 silly audit   'agent-base': [ '6.0.2' ],
57 silly audit   ajv: [ '8.6.3' ],
57 silly audit   'ansi-regex': [ '6.1.0', '5.0.1' ],
57 silly audit   'ansi-styles': [ '6.2.1', '4.3.0' ],
57 silly audit   'any-promise': [ '1.3.0' ],
57 silly audit   anymatch: [ '3.1.3' ],
57 silly audit   aproba: [ '2.1.0' ],
57 silly audit   'are-we-there-yet': [ '2.0.0' ],
57 silly audit   arg: [ '5.0.2', '4.1.3' ],
57 silly audit   'aria-hidden': [ '1.2.4' ],
57 silly audit   'array-buffer-byte-length': [ '1.0.2' ],
57 silly audit   'array-flatten': [ '1.1.1' ],
57 silly audit   'arraybuffer.prototype.slice': [ '1.0.4' ],
57 silly audit   async: [ '3.2.6' ],
57 silly audit   'async-function': [ '1.0.0' ],
57 silly audit   'async-listen': [ '3.0.0', '3.0.1' ],
57 silly audit   'async-sema': [ '3.1.1' ],
57 silly audit   'at-least-node': [ '1.0.0' ],
57 silly audit   autoprefixer: [ '10.4.20' ],
57 silly audit   'available-typed-arrays': [ '1.0.7' ],
57 silly audit   'babel-plugin-polyfill-corejs2': [ '0.4.14' ],
57 silly audit   'babel-plugin-polyfill-corejs3': [ '0.13.0' ],
57 silly audit   'babel-plugin-polyfill-regenerator': [ '0.6.5' ],
57 silly audit   'balanced-match': [ '1.0.2' ],
57 silly audit   'baseline-browser-mapping': [ '2.9.5' ],
57 silly audit   'binary-extensions': [ '2.3.0' ],
57 silly audit   bindings: [ '1.5.0' ],
57 silly audit   'body-parser': [ '1.20.3' ],
57 silly audit   debug: [ '2.6.9', '4.4.3' ],
57 silly audit   ms: [ '2.0.0', '2.1.3' ],
57 silly audit   braces: [ '3.0.3' ],
57 silly audit   browserslist: [ '4.28.1' ],
57 silly audit   'buffer-from': [ '1.1.2' ],
57 silly audit   bufferutil: [ '4.0.8' ],
57 silly audit   bytes: [ '3.1.2' ],
57 silly audit   'call-bind': [ '1.0.8' ],
57 silly audit   'call-bind-apply-helpers': [ '1.0.2' ],
57 silly audit   'call-bound': [ '1.0.4' ],
57 silly audit   'camelcase-css': [ '2.0.1' ],
57 silly audit   'caniuse-lite': [ '1.0.30001759' ],
57 silly audit   chokidar: [ '3.6.0' ],
57 silly audit   'glob-parent': [ '5.1.2', '6.0.2' ],
57 silly audit   chownr: [ '2.0.0' ],
57 silly audit   'cjs-module-lexer': [ '1.2.3' ],
57 silly audit   'class-variance-authority': [ '0.7.1' ],
57 silly audit   clsx: [ '2.1.1' ],
57 silly audit   cmdk: [ '1.1.1' ],
57 silly audit   'code-block-writer': [ '10.1.1' ],
57 silly audit   'color-convert': [ '2.0.1' ],
57 silly audit   'color-name': [ '1.1.4' ],
57 silly audit   'color-support': [ '1.1.3' ],
57 silly audit   commander: [ '4.1.1', '2.20.3' ],
57 silly audit   'common-tags': [ '1.8.2' ],
57 silly audit   'concat-map': [ '0.0.1' ],
57 silly audit   'connect-pg-simple': [ '10.0.0' ],
57 silly audit   'console-control-strings': [ '1.1.0' ],
57 silly audit   'content-disposition': [ '0.5.4' ],
57 silly audit   'content-type': [ '1.0.5' ],
57 silly audit   'convert-hrtime': [ '3.0.0' ],
57 silly audit   'convert-source-map': [ '2.0.0' ],
57 silly audit   cookie: [ '0.7.1', '0.7.2' ],
57 silly audit   'cookie-signature': [ '1.0.6', '1.0.7' ],
57 silly audit   'core-js-compat': [ '3.47.0' ],
57 silly audit   'create-require': [ '1.1.1' ],
57 silly audit   'cross-spawn': [ '7.0.6' ],
57 silly audit   'crypto-random-string': [ '2.0.0' ],
57 silly audit   cssesc: [ '3.0.0' ],
57 silly audit   csstype: [ '3.1.3' ],
57 silly audit   'd3-array': [ '3.2.4' ],
57 silly audit   'd3-color': [ '3.1.0' ],
57 silly audit   'd3-ease': [ '3.0.1' ],
57 silly audit   'd3-format': [ '3.1.0' ],
57 silly audit   'd3-interpolate': [ '3.0.1' ],
57 silly audit   'd3-path': [ '3.1.0' ],
57 silly audit   'd3-scale': [ '4.0.2' ],
57 silly audit   'd3-shape': [ '3.2.0' ],
57 silly audit   'd3-time': [ '3.1.0' ],
57 silly audit   'd3-time-format': [ '4.1.0' ],
57 silly audit   'd3-timer': [ '3.0.1' ],
57 silly audit   'data-view-buffer': [ '1.0.2' ],
57 silly audit   'data-view-byte-length': [ '1.0.2' ],
57 silly audit   'data-view-byte-offset': [ '1.0.1' ],
57 silly audit   'date-fns': [ '3.6.0' ],
57 silly audit   'decimal.js-light': [ '2.5.1' ],
57 silly audit   deepmerge: [ '4.3.1' ],
57 silly audit   'define-data-property': [ '1.1.4' ],
57 silly audit   'define-properties': [ '1.2.1' ],
57 silly audit   delegates: [ '1.0.0' ],
57 silly audit   depd: [ '2.0.0' ],
57 silly audit   destroy: [ '1.2.0' ],
57 silly audit   'detect-libc': [ '2.0.3' ],
57 silly audit   'detect-node-es': [ '1.1.0' ],
57 silly audit   didyoumean: [ '1.2.2' ],
57 silly audit   diff: [ '4.0.2' ],
57 silly audit   dlv: [ '1.1.3' ],
57 silly audit   'dom-helpers': [ '5.2.1' ],
57 silly audit   dotenv: [ '17.2.3' ],
57 silly audit   'drizzle-kit': [ '0.31.4' ],
57 silly audit   'drizzle-orm': [ '0.39.3' ],
57 silly audit   'drizzle-zod': [ '0.7.0' ],
57 silly audit   'dunder-proto': [ '1.0.1' ],
57 silly audit   eastasianwidth: [ '0.2.0' ],
57 silly audit   'edge-runtime': [ '2.5.9' ],
57 silly audit   picocolors: [ '1.0.0', '1.1.1' ],
57 silly audit   'signal-exit': [ '4.0.2', '3.0.7', '4.1.0' ],
57 silly audit   'ee-first': [ '1.1.1' ],
57 silly audit   ejs: [ '3.1.10' ],
57 silly audit   'electron-to-chromium': [ '1.5.266' ],
57 silly audit   'embla-carousel': [ '8.6.0' ],
57 silly audit   'embla-carousel-react': [ '8.6.0' ],
57 silly audit   'embla-carousel-reactive-utils': [ '8.6.0' ],
57 silly audit   'emoji-regex': [ '9.2.2', '8.0.0' ],
57 silly audit   encodeurl: [ '2.0.0', '1.0.2' ],
57 silly audit   'enhanced-resolve': [ '5.18.1' ],
57 silly audit   'es-abstract': [ '1.24.0' ],
57 silly audit   'es-define-property': [ '1.0.1' ],
57 silly audit   'es-errors': [ '1.3.0' ],
57 silly audit   'es-module-lexer': [ '1.4.1' ],
57 silly audit   'es-object-atoms': [ '1.1.1' ],
57 silly audit   'es-set-tostringtag': [ '2.1.0' ],
57 silly audit   'es-to-primitive': [ '1.3.0' ],
57 silly audit   'esbuild-android-64': [ '0.14.47' ],
57 silly audit   'esbuild-android-arm64': [ '0.14.47' ],
57 silly audit   'esbuild-darwin-64': [ '0.14.47' ],
57 silly audit   'esbuild-darwin-arm64': [ '0.14.47' ],
57 silly audit   'esbuild-freebsd-64': [ '0.14.47' ],
57 silly audit   'esbuild-freebsd-arm64': [ '0.14.47' ],
57 silly audit   'esbuild-linux-32': [ '0.14.47' ],
57 silly audit   'esbuild-linux-64': [ '0.14.47' ],
57 silly audit   'esbuild-linux-arm': [ '0.14.47' ],
57 silly audit   'esbuild-linux-arm64': [ '0.14.47' ],
57 silly audit   'esbuild-linux-mips64le': [ '0.14.47' ],
57 silly audit   'esbuild-linux-ppc64le': [ '0.14.47' ],
57 silly audit   'esbuild-linux-riscv64': [ '0.14.47' ],
57 silly audit   'esbuild-linux-s390x': [ '0.14.47' ],
57 silly audit   'esbuild-netbsd-64': [ '0.14.47' ],
57 silly audit   'esbuild-openbsd-64': [ '0.14.47' ],
57 silly audit   'esbuild-register': [ '3.6.0' ],
57 silly audit   'esbuild-sunos-64': [ '0.14.47' ],
57 silly audit   'esbuild-windows-32': [ '0.14.47' ],
57 silly audit   'esbuild-windows-64': [ '0.14.47' ],
57 silly audit   'esbuild-windows-arm64': [ '0.14.47' ],
57 silly audit   escalade: [ '3.2.0' ],
57 silly audit   'escape-html': [ '1.0.3' ],
57 silly audit   'estree-walker': [ '2.0.2', '1.0.1' ],
57 silly audit   esutils: [ '2.0.3' ],
57 silly audit   etag: [ '1.8.1' ],
57 silly audit   eventemitter3: [ '4.0.7' ],
57 silly audit   express: [ '4.21.2' ],
57 silly audit   'express-session': [ '1.18.1' ],
57 silly audit   'fast-deep-equal': [ '3.1.3' ],
57 silly audit   'fast-equals': [ '5.2.2' ],
57 silly audit   'fast-glob': [ '3.3.2' ],
57 silly audit   'fast-json-stable-stringify': [ '2.1.0' ],
57 silly audit   fastq: [ '1.17.1' ],
57 silly audit   'file-uri-to-path': [ '1.0.0' ],
57 silly audit   filelist: [ '1.0.4' ],
57 silly audit   'fill-range': [ '7.1.1' ],
57 silly audit   finalhandler: [ '1.3.1' ],
57 silly audit   'for-each': [ '0.3.5' ],
57 silly audit   'foreground-child': [ '3.3.1' ],
57 silly audit   forwarded: [ '0.2.0' ],
57 silly audit   'fraction.js': [ '4.3.7' ],
57 silly audit   'framer-motion': [ '11.13.1' ],
57 silly audit   fresh: [ '0.5.2' ],
57 silly audit   'fs-extra': [ '9.1.0' ],
57 silly audit   'fs-minipass': [ '2.1.0' ],
57 silly audit   minipass: [ '3.3.6', '7.1.2', '5.0.0' ],
57 silly audit   yallist: [ '4.0.0', '2.1.2', '3.1.1' ],
57 silly audit   'fs.realpath': [ '1.0.0' ],
57 silly audit   fsevents: [ '2.3.3' ],
57 silly audit   'function-bind': [ '1.1.2' ],
57 silly audit   'function.prototype.name': [ '1.1.8' ],
57 silly audit   'functions-have-names': [ '1.2.3' ],
57 silly audit   gauge: [ '3.0.2' ],
57 silly audit   'string-width': [ '4.2.3', '5.1.2' ],
57 silly audit   'strip-ansi': [ '6.0.1', '7.1.0' ],
57 silly audit   'generator-function': [ '2.0.1' ],
57 silly audit   gensync: [ '1.0.0-beta.2' ],
57 silly audit   'get-intrinsic': [ '1.3.0' ],
57 silly audit   'get-nonce': [ '1.0.1' ],
57 silly audit   'get-own-enumerable-property-symbols': [ '3.0.2' ],
57 silly audit   'get-proto': [ '1.0.1' ],
57 silly audit   'get-symbol-description': [ '1.1.0' ],
57 silly audit   'get-tsconfig': [ '4.8.1' ],
57 silly audit   globalthis: [ '1.0.4' ],
57 silly audit   gopd: [ '1.2.0' ],
57 silly audit   'graceful-fs': [ '4.2.11' ],
57 silly audit   'has-bigints': [ '1.1.0' ],
57 silly audit   'has-property-descriptors': [ '1.0.2' ],
57 silly audit   'has-proto': [ '1.2.0' ],
57 silly audit   'has-symbols': [ '1.1.0' ],
57 silly audit   'has-tostringtag': [ '1.0.2' ],
57 silly audit   'has-unicode': [ '2.0.1' ],
57 silly audit   hasown: [ '2.0.2' ],
57 silly audit   'http-errors': [ '2.0.0' ],
57 silly audit   'https-proxy-agent': [ '5.0.1' ],
57 silly audit   'iconv-lite': [ '0.4.24' ],
57 silly audit   idb: [ '7.1.1' ],
57 silly audit   inflight: [ '1.0.6' ],
57 silly audit   inherits: [ '2.0.4' ],
57 silly audit   'input-otp': [ '1.4.2' ],
57 silly audit   'internal-slot': [ '1.1.0' ],
57 silly audit   internmap: [ '2.0.3' ],
57 silly audit   'ipaddr.js': [ '1.9.1' ],
57 silly audit   'is-array-buffer': [ '3.0.5' ],
57 silly audit   'is-async-function': [ '2.1.1' ],
57 silly audit   'is-bigint': [ '1.1.0' ],
57 silly audit   'is-binary-path': [ '2.1.0' ],
57 silly audit   'is-boolean-object': [ '1.2.2' ],
57 silly audit   'is-callable': [ '1.2.7' ],
57 silly audit   'is-core-module': [ '2.16.1' ],
57 silly audit   'is-data-view': [ '1.0.2' ],
57 silly audit   'is-date-object': [ '1.1.0' ],
57 silly audit   'is-extglob': [ '2.1.1' ],
57 silly audit   'is-finalizationregistry': [ '1.1.1' ],
57 silly audit   'is-fullwidth-code-point': [ '3.0.0' ],
57 silly audit   'is-generator-function': [ '1.1.2' ],
57 silly audit   'is-glob': [ '4.0.3' ],
57 silly audit   'is-map': [ '2.0.3' ],
57 silly audit   'is-module': [ '1.0.0' ],
57 silly audit   'is-negative-zero': [ '2.0.3' ],
57 silly audit   'is-number': [ '7.0.0' ],
57 silly audit   'is-number-object': [ '1.1.1' ],
57 silly audit   'is-obj': [ '1.0.1' ],
57 silly audit   'is-regex': [ '1.2.1' ],
57 silly audit   'is-regexp': [ '1.0.0' ],
57 silly audit   'is-set': [ '2.0.3' ],
57 silly audit   'is-shared-array-buffer': [ '1.0.4' ],
57 silly audit   'is-stream': [ '2.0.1' ],
57 silly audit   'is-string': [ '1.1.1' ],
57 silly audit   'is-symbol': [ '1.1.1' ],
57 silly audit   'is-typed-array': [ '1.1.15' ],
57 silly audit   'is-weakmap': [ '2.0.2' ],
57 silly audit   'is-weakref': [ '1.1.1' ],
57 silly audit   'is-weakset': [ '2.0.4' ],
57 silly audit   isarray: [ '2.0.5' ],
57 silly audit   isexe: [ '2.0.0' ],
57 silly audit   jackspeak: [ '3.4.3', '4.1.1' ],
57 silly audit   jake: [ '10.9.4' ],
57 silly audit   'js-tokens': [ '4.0.0' ],
57 silly audit   jsesc: [ '3.1.0' ],
57 silly audit   'json-schema': [ '0.4.0' ],
57 silly audit   'json-schema-to-ts': [ '1.6.4' ],
57 silly audit   'json-schema-traverse': [ '1.0.0' ],
57 silly audit   json5: [ '2.2.3' ],
57 silly audit   jsonfile: [ '6.2.0' ],
57 silly audit   jsonpointer: [ '5.0.1' ],
57 silly audit   leven: [ '3.1.0' ],
57 silly audit   lightningcss: [ '1.29.2' ],
57 silly audit   'lightningcss-darwin-arm64': [ '1.29.2' ],
57 silly audit   'lightningcss-darwin-x64': [ '1.29.2' ],
57 silly audit   'lightningcss-freebsd-x64': [ '1.29.2' ],
57 silly audit   'lightningcss-linux-arm-gnueabihf': [ '1.29.2' ],
57 silly audit   'lightningcss-linux-arm64-gnu': [ '1.29.2' ],
57 silly audit   'lightningcss-linux-arm64-musl': [ '1.29.2' ],
57 silly audit   'lightningcss-linux-x64-gnu': [ '1.29.2' ],
57 silly audit   'lightningcss-linux-x64-musl': [ '1.29.2' ],
57 silly audit   'lightningcss-win32-arm64-msvc': [ '1.29.2' ],
57 silly audit   'lightningcss-win32-x64-msvc': [ '1.29.2' ],
57 silly audit   lilconfig: [ '3.1.3' ],
57 silly audit   'lines-and-columns': [ '1.2.4' ],
57 silly audit   lodash: [ '4.17.21' ],
57 silly audit   'lodash.castarray': [ '4.4.0' ],
57 silly audit   'lodash.debounce': [ '4.0.8' ],
57 silly audit   'lodash.isplainobject': [ '4.0.6' ],
57 silly audit   'lodash.merge': [ '4.6.2' ],
57 silly audit   'lodash.sortby': [ '4.7.0' ],
57 silly audit   'loose-envify': [ '1.4.0' ],
57 silly audit   'lru-cache': [ '5.1.1', '4.1.5', '10.4.3', '11.2.4' ],
57 silly audit   'lucide-react': [ '0.453.0' ],
57 silly audit   'make-dir': [ '3.1.0' ],
57 silly audit   'make-error': [ '1.3.6' ],
57 silly audit   'math-intrinsics': [ '1.1.0' ],
57 silly audit   'media-typer': [ '0.3.0' ],
57 silly audit   memorystore: [ '1.6.7' ],
57 silly audit   'merge-descriptors': [ '1.0.3' ],
57 silly audit   merge2: [ '1.4.1' ],
57 silly audit   methods: [ '1.1.2' ],
57 silly audit   micromatch: [ '4.0.8' ],
57 silly audit   mime: [ '1.6.0' ],
57 silly audit   'mime-db': [ '1.52.0' ],
57 silly audit   'mime-types': [ '2.1.35' ],
57 silly audit   minizlib: [ '2.1.2' ],
57 silly audit   mitt: [ '3.0.1' ],
57 silly audit   mkdirp: [ '1.0.4' ],
57 silly audit   'modern-screenshot': [ '4.6.0' ],
57 silly audit   'motion-dom': [ '11.13.0' ],
57 silly audit   'motion-utils': [ '11.13.0' ],
57 silly audit   mri: [ '1.2.0' ],
57 silly audit   mz: [ '2.7.0' ],
57 silly audit   nanoid: [ '3.3.8' ],
57 silly audit   negotiator: [ '0.6.3' ],
57 silly audit   'next-themes': [ '0.4.6' ],
57 silly audit   'node-cron': [ '4.2.1' ],
57 silly audit   'node-fetch': [ '2.6.9' ],
57 silly audit   'node-gyp-build': [ '4.8.3' ],
57 silly audit   'node-releases': [ '2.0.27' ],
57 silly audit   nopt: [ '5.0.0' ],
57 silly audit   'normalize-path': [ '3.0.0' ],
57 silly audit   'normalize-range': [ '0.1.2' ],
57 silly audit   npmlog: [ '5.0.1' ],
57 silly audit   'object-assign': [ '4.1.1' ],
57 silly audit   'object-hash': [ '3.0.0' ],
57 silly audit   'object-inspect': [ '1.13.4' ],
57 silly audit   'object-keys': [ '1.1.1' ],
57 silly audit   'object.assign': [ '4.1.7' ],
57 silly audit   obuf: [ '1.1.2' ],
57 silly audit   'on-finished': [ '2.4.1' ],
57 silly audit   'on-headers': [ '1.0.2' ],
57 silly audit   once: [ '1.4.0' ],
57 silly audit   'own-keys': [ '1.0.1' ],
57 silly audit   'package-json-from-dist': [ '1.0.1' ],
57 silly audit   'parse-ms': [ '2.1.0' ],
57 silly audit   parseurl: [ '1.3.3' ],
57 silly audit   passport: [ '0.7.0' ],
57 silly audit   'passport-local': [ '1.0.0' ],
57 silly audit   'passport-strategy': [ '1.0.0' ],
57 silly audit   'path-browserify': [ '1.0.1' ],
57 silly audit   'path-is-absolute': [ '1.0.1' ],
57 silly audit   'path-key': [ '3.1.1' ],
57 silly audit   'path-parse': [ '1.0.7' ],
57 silly audit   'path-scurry': [ '1.11.1', '2.0.1' ],
57 silly audit   pause: [ '0.0.1' ],
57 silly audit   pg: [ '8.16.3' ],
57 silly audit   'pg-cloudflare': [ '1.2.7' ],
57 silly audit   'pg-connection-string': [ '2.9.1' ],
57 silly audit   'pg-int8': [ '1.0.1' ],
57 silly audit   'pg-numeric': [ '1.0.2' ],
57 silly audit   'pg-pool': [ '3.10.1' ],
57 silly audit   'pg-protocol': [ '1.10.3' ],
57 silly audit   'pg-types': [ '4.0.2', '2.2.0' ],
57 silly audit   'postgres-array': [ '2.0.0', '3.0.2' ],
57 silly audit   'postgres-bytea': [ '1.0.0', '3.0.0' ],
57 silly audit   'postgres-date': [ '1.0.7', '2.1.0' ],
57 silly audit   'postgres-interval': [ '1.2.0', '3.0.0' ],
57 silly audit   pgpass: [ '1.0.5' ],
57 silly audit   pify: [ '2.3.0' ],
57 silly audit   pirates: [ '4.0.6' ],
57 silly audit   'possible-typed-array-names': [ '1.1.0' ],
57 silly audit   postcss: [ '8.4.47' ],
57 silly audit   'postcss-import': [ '15.1.0' ],
57 silly audit   'postcss-js': [ '4.0.1' ],
57 silly audit   'postcss-load-config': [ '4.0.2' ],
57 silly audit   'postcss-nested': [ '6.2.0' ],
57 silly audit   'postcss-value-parser': [ '4.2.0' ],
57 silly audit   'postgres-range': [ '1.1.4' ],
57 silly audit   'pretty-bytes': [ '6.1.1', '5.6.0' ],
57 silly audit   'pretty-ms': [ '7.0.1' ],
57 silly audit   'prop-types': [ '15.8.1' ],
57 silly audit   'react-is': [ '16.13.1', '18.3.1' ],
57 silly audit   'proxy-addr': [ '2.0.7' ],
57 silly audit   pseudomap: [ '1.0.2' ],
57 silly audit   punycode: [ '2.3.1' ],
57 silly audit   qs: [ '6.13.0' ],
57 silly audit   'queue-microtask': [ '1.2.3' ],
57 silly audit   'random-bytes': [ '1.0.0' ],
57 silly audit   randombytes: [ '2.1.0' ],
57 silly audit   'range-parser': [ '1.2.1' ],
57 silly audit   'raw-body': [ '2.5.2' ],
57 silly audit   react: [ '18.3.1' ],
57 silly audit   'react-day-picker': [ '8.10.1' ],
57 silly audit   'react-dom': [ '18.3.1' ],
57 silly audit   'react-hook-form': [ '7.55.0' ],
57 silly audit   'react-icons': [ '5.4.0' ],
57 silly audit   'react-refresh': [ '0.17.0' ],
57 silly audit   'react-remove-scroll': [ '2.6.3' ],
57 silly audit   'react-remove-scroll-bar': [ '2.3.8' ],
57 silly audit   'react-resizable-panels': [ '2.1.7' ],
57 silly audit   'react-smooth': [ '4.0.4' ],
57 silly audit   'react-style-singleton': [ '2.2.3' ],
57 silly audit   'react-transition-group': [ '4.4.5' ],
57 silly audit   'read-cache': [ '1.0.0' ],
57 silly audit   'readable-stream': [ '3.6.2' ],
57 silly audit   readdirp: [ '3.6.0' ],
57 silly audit   recharts: [ '2.15.2' ],
57 silly audit   'recharts-scale': [ '0.4.5' ],
57 silly audit   'reflect.getprototypeof': [ '1.0.10' ],
57 silly audit   regenerate: [ '1.4.2' ],
57 silly audit   'regenerate-unicode-properties': [ '10.2.2' ],
57 silly audit   'regenerator-runtime': [ '0.14.1' ],
57 silly audit   'regexp.prototype.flags': [ '1.5.4' ],
57 silly audit   regexparam: [ '3.0.0' ],
57 silly audit   'regexpu-core': [ '6.4.0' ],
57 silly audit   regjsgen: [ '0.8.0' ],
57 silly audit   regjsparser: [ '0.13.0' ],
57 silly audit   'require-from-string': [ '2.0.2' ],
57 silly audit   resolve: [ '1.22.11' ],
57 silly audit   'resolve-from': [ '5.0.0' ],
57 silly audit   'resolve-pkg-maps': [ '1.0.0' ],
57 silly audit   reusify: [ '1.0.4' ],
57 silly audit   rimraf: [ '3.0.2' ],
57 silly audit   rollup: [ '4.24.4', '2.79.2' ],
57 silly audit   'run-parallel': [ '1.2.0' ],
57 silly audit   'safe-array-concat': [ '1.1.3' ],
57 silly audit   'safe-buffer': [ '5.2.1' ],
57 silly audit   'safe-push-apply': [ '1.0.0' ],
57 silly audit   'safe-regex-test': [ '1.1.0' ],
57 silly audit   'safer-buffer': [ '2.1.2' ],
57 silly audit   scheduler: [ '0.23.2' ],
57 silly audit   send: [ '0.19.0' ],
57 silly audit   'serialize-javascript': [ '6.0.2' ],
57 silly audit   'serve-static': [ '1.16.2' ],
57 silly audit   'set-blocking': [ '2.0.0' ],
57 silly audit   'set-function-length': [ '1.2.2' ],
57 silly audit   'set-function-name': [ '2.0.2' ],
57 silly audit   'set-proto': [ '1.0.0' ],
57 silly audit   setprototypeof: [ '1.2.0' ],
57 silly audit   'shebang-command': [ '2.0.0' ],
57 silly audit   'shebang-regex': [ '3.0.0' ],
57 silly audit   'side-channel': [ '1.1.0' ],
57 silly audit   'side-channel-list': [ '1.0.0' ],
57 silly audit   'side-channel-map': [ '1.0.1' ],
57 silly audit   'side-channel-weakmap': [ '1.0.2' ],
57 silly audit   smob: [ '1.5.0' ],
57 silly audit   'source-map': [ '0.6.1', '0.8.0-beta.0' ],
57 silly audit   'source-map-js': [ '1.2.1' ],
57 silly audit   'source-map-support': [ '0.5.21' ],
57 silly audit   'sourcemap-codec': [ '1.4.8' ],
57 silly audit   split2: [ '4.2.0' ],
57 silly audit   statuses: [ '2.0.1' ],
57 silly audit   'stop-iteration-iterator': [ '1.1.0' ],
57 silly audit   string_decoder: [ '1.3.0' ],
57 silly audit   'string.prototype.matchall': [ '4.0.12' ],
57 silly audit   'string.prototype.trim': [ '1.2.10' ],
57 silly audit   'string.prototype.trimend': [ '1.0.9' ],
57 silly audit   'string.prototype.trimstart': [ '1.0.8' ],
57 silly audit   'stringify-object': [ '3.3.0' ],
57 silly audit   'strip-comments': [ '2.0.1' ],
57 silly audit   sucrase: [ '3.35.0' ],
57 silly audit   'supports-preserve-symlinks-flag': [ '1.0.0' ],
57 silly audit   'tailwind-merge': [ '2.6.0' ],
57 silly audit   'tailwindcss-animate': [ '1.0.7' ],
57 silly audit   tapable: [ '2.2.1' ],
57 silly audit   tar: [ '6.2.1' ],
57 silly audit   'temp-dir': [ '2.0.0' ],
57 silly audit   tempy: [ '0.6.0' ],
57 silly audit   terser: [ '5.44.1' ],
57 silly audit   thenify: [ '3.3.1' ],
57 silly audit   'thenify-all': [ '1.6.0' ],
57 silly audit   'time-span': [ '4.0.0' ],
57 silly audit   'tiny-invariant': [ '1.3.3' ],
57 silly audit   tinyglobby: [ '0.2.15' ],
57 silly audit   fdir: [ '6.5.0' ],
57 silly audit   'to-regex-range': [ '5.0.1' ],
57 silly audit   toidentifier: [ '1.0.1' ],
57 silly audit   tr46: [ '0.0.3', '1.0.1' ],
57 silly audit   'ts-interface-checker': [ '0.1.13' ],
57 silly audit   'ts-morph': [ '12.0.0' ],
57 silly audit   'ts-node': [ '10.9.1' ],
57 silly audit   'ts-toolbelt': [ '6.15.5' ],
57 silly audit   tslib: [ '2.8.1' ],
57 silly audit   tsx: [ '4.20.5' ],
57 silly audit   'tw-animate-css': [ '1.2.5' ],
57 silly audit   'type-fest': [ '0.16.0' ],
57 silly audit   'type-is': [ '1.6.18' ],
57 silly audit   'typed-array-buffer': [ '1.0.3' ],
57 silly audit   'typed-array-byte-length': [ '1.0.3' ],
57 silly audit   'typed-array-byte-offset': [ '1.0.4' ],
57 silly audit   'typed-array-length': [ '1.0.7' ],
57 silly audit   'uid-safe': [ '2.1.5' ],
57 silly audit   'unbox-primitive': [ '1.1.0' ],
57 silly audit   undici: [ '5.28.4' ],
57 silly audit   'undici-types': [ '6.19.8' ],
57 silly audit   'unicode-canonical-property-names-ecmascript': [ '2.0.1' ],
57 silly audit   'unicode-match-property-ecmascript': [ '2.0.0' ],
57 silly audit   'unicode-match-property-value-ecmascript': [ '2.2.1' ],
57 silly audit   'unicode-property-aliases-ecmascript': [ '2.2.0' ],
57 silly audit   'unique-string': [ '2.0.0' ],
57 silly audit   universalify: [ '2.0.1' ],
57 silly audit   unpipe: [ '1.0.0' ],
57 silly audit   upath: [ '1.2.0' ],
57 silly audit   'update-browserslist-db': [ '1.2.2' ],
57 silly audit   'uri-js': [ '4.4.1' ],
57 silly audit   'use-callback-ref': [ '1.3.3' ],
57 silly audit   'use-sidecar': [ '1.1.3' ],
57 silly audit   'use-sync-external-store': [ '1.2.2' ],
57 silly audit   'util-deprecate': [ '1.0.2' ],
57 silly audit   'utils-merge': [ '1.0.1' ],
57 silly audit   'v8-compile-cache-lib': [ '3.0.1' ],
57 silly audit   vary: [ '1.1.2' ],
57 silly audit   vaul: [ '1.1.2' ],
57 silly audit   'victory-vendor': [ '36.9.2' ],
57 silly audit   vite: [ '5.4.20' ],
57 silly audit   'vite-plugin-pwa': [ '1.2.0' ],
57 silly audit   'webidl-conversions': [ '3.0.1', '4.0.2' ],
57 silly audit   'whatwg-url': [ '5.0.0', '7.1.0' ],
57 silly audit   which: [ '2.0.2' ],
57 silly audit   'which-boxed-primitive': [ '1.1.1' ],
57 silly audit   'which-builtin-type': [ '1.2.1' ],
57 silly audit   'which-collection': [ '1.0.2' ],
57 silly audit   'which-typed-array': [ '1.1.19' ],
57 silly audit   'wide-align': [ '1.1.5' ],
57 silly audit   'workbox-background-sync': [ '7.4.0' ],
57 silly audit   'workbox-broadcast-update': [ '7.4.0' ],
57 silly audit   'workbox-build': [ '7.4.0' ],
57 silly audit   '@rollup/plugin-babel': [ '5.3.1' ],
57 silly audit   '@rollup/plugin-replace': [ '2.4.2' ],
57 silly audit   'workbox-cacheable-response': [ '7.4.0' ],
57 silly audit   'workbox-core': [ '7.4.0' ],
57 silly audit   'workbox-expiration': [ '7.4.0' ],
57 silly audit   'workbox-google-analytics': [ '7.4.0' ],
57 silly audit   'workbox-navigation-preload': [ '7.4.0' ],
57 silly audit   'workbox-precaching': [ '7.4.0' ],
57 silly audit   'workbox-range-requests': [ '7.4.0' ],
57 silly audit   'workbox-recipes': [ '7.4.0' ],
57 silly audit   'workbox-routing': [ '7.4.0' ],
57 silly audit   'workbox-strategies': [ '7.4.0' ],
57 silly audit   'workbox-streams': [ '7.4.0' ],
57 silly audit   'workbox-sw': [ '7.4.0' ],
57 silly audit   'workbox-window': [ '7.4.0' ],
57 silly audit   wouter: [ '3.3.5' ],
57 silly audit   'wrap-ansi': [ '8.1.0', '7.0.0' ],
57 silly audit   wrappy: [ '1.0.2' ],
57 silly audit   ws: [ '8.18.0' ],
57 silly audit   xtend: [ '4.0.2' ],
57 silly audit   yaml: [ '2.6.0' ],
57 silly audit   yn: [ '3.1.1' ],
57 silly audit   zod: [ '3.24.2' ],
57 silly audit   'zod-validation-error': [ '3.4.0' ],
57 silly audit   '@tanstack/react-query-persist-client': [ '5.90.14' ],
57 silly audit   '@tanstack/react-query': [ '5.90.12' ],
57 silly audit   localforage: [ '1.10.0' ],
57 silly audit   '@tanstack/query-core': [ '5.90.12' ],
57 silly audit   '@tanstack/query-persist-client-core': [ '5.91.11' ],
57 silly audit   lie: [ '3.1.1' ],
57 silly audit   immediate: [ '3.0.6' ]
57 silly audit }
58 verbose reify failed optional dependency /Users/bryankier/Work/Task-Flow/node_modules/lightningcss-win32-x64-msvc
59 silly reify mark deleted [
59 silly reify   '/Users/bryankier/Work/Task-Flow/node_modules/lightningcss-win32-x64-msvc'
59 silly reify ]
60 verbose reify failed optional dependency /Users/bryankier/Work/Task-Flow/node_modules/lightningcss-win32-arm64-msvc
61 silly reify mark deleted [
61 silly reify   '/Users/bryankier/Work/Task-Flow/node_modules/lightningcss-win32-arm64-msvc'
61 silly reify ]
62 verbose reify failed optional dependency /Users/bryankier/Work/Task-Flow/node_modules/lightningcss-linux-x64-musl
63 silly reify mark deleted [
63 silly reify   '/Users/bryankier/Work/Task-Flow/node_modules/lightningcss-linux-x64-musl'
63 silly reify ]
64 verbose reify failed optional dependency /Users/bryankier/Work/Task-Flow/node_modules/lightningcss-linux-x64-gnu
65 silly reify mark deleted [
65 silly reify   '/Users/bryankier/Work/Task-Flow/node_modules/lightningcss-linux-x64-gnu'
65 silly reify ]
66 verbose reify failed optional dependency /Users/bryankier/Work/Task-Flow/node_modules/lightningcss-linux-arm64-musl
67 silly reify mark deleted [
67 silly reify   '/Users/bryankier/Work/Task-Flow/node_modules/lightningcss-linux-arm64-musl'
67 silly reify ]
68 verbose reify failed optional dependency /Users/bryankier/Work/Task-Flow/node_modules/lightningcss-linux-arm64-gnu
69 silly reify mark deleted [
69 silly reify   '/Users/bryankier/Work/Task-Flow/node_modules/lightningcss-linux-arm64-gnu'
69 silly reify ]
70 verbose reify failed optional dependency /Users/bryankier/Work/Task-Flow/node_modules/lightningcss-linux-arm-gnueabihf
71 silly reify mark deleted [
71 silly reify   '/Users/bryankier/Work/Task-Flow/node_modules/lightningcss-linux-arm-gnueabihf'
71 silly reify ]
72 verbose reify failed optional dependency /Users/bryankier/Work/Task-Flow/node_modules/lightningcss-freebsd-x64
73 silly reify mark deleted [
73 silly reify   '/Users/bryankier/Work/Task-Flow/node_modules/lightningcss-freebsd-x64'
73 silly reify ]
74 verbose reify failed optional dependency /Users/bryankier/Work/Task-Flow/node_modules/lightningcss-darwin-x64
75 silly reify mark deleted [
75 silly reify   '/Users/bryankier/Work/Task-Flow/node_modules/lightningcss-darwin-x64'
75 silly reify ]
76 verbose reify failed optional dependency /Users/bryankier/Work/Task-Flow/node_modules/esbuild-windows-arm64
77 silly reify mark deleted [
77 silly reify   '/Users/bryankier/Work/Task-Flow/node_modules/esbuild-windows-arm64'
77 silly reify ]
78 verbose reify failed optional dependency /Users/bryankier/Work/Task-Flow/node_modules/esbuild-windows-64
79 silly reify mark deleted [ '/Users/bryankier/Work/Task-Flow/node_modules/esbuild-windows-64' ]
80 verbose reify failed optional dependency /Users/bryankier/Work/Task-Flow/node_modules/esbuild-windows-32
81 silly reify mark deleted [ '/Users/bryankier/Work/Task-Flow/node_modules/esbuild-windows-32' ]
82 verbose reify failed optional dependency /Users/bryankier/Work/Task-Flow/node_modules/esbuild-sunos-64
83 silly reify mark deleted [ '/Users/bryankier/Work/Task-Flow/node_modules/esbuild-sunos-64' ]
84 verbose reify failed optional dependency /Users/bryankier/Work/Task-Flow/node_modules/esbuild-openbsd-64
85 silly reify mark deleted [ '/Users/bryankier/Work/Task-Flow/node_modules/esbuild-openbsd-64' ]
86 verbose reify failed optional dependency /Users/bryankier/Work/Task-Flow/node_modules/esbuild-netbsd-64
87 silly reify mark deleted [ '/Users/bryankier/Work/Task-Flow/node_modules/esbuild-netbsd-64' ]
88 verbose reify failed optional dependency /Users/bryankier/Work/Task-Flow/node_modules/esbuild-linux-s390x
89 silly reify mark deleted [ '/Users/bryankier/Work/Task-Flow/node_modules/esbuild-linux-s390x' ]
90 verbose reify failed optional dependency /Users/bryankier/Work/Task-Flow/node_modules/esbuild-linux-riscv64
91 silly reify mark deleted [
91 silly reify   '/Users/bryankier/Work/Task-Flow/node_modules/esbuild-linux-riscv64'
91 silly reify ]
92 verbose reify failed optional dependency /Users/bryankier/Work/Task-Flow/node_modules/esbuild-linux-ppc64le
93 silly reify mark deleted [
93 silly reify   '/Users/bryankier/Work/Task-Flow/node_modules/esbuild-linux-ppc64le'
93 silly reify ]
94 verbose reify failed optional dependency /Users/bryankier/Work/Task-Flow/node_modules/esbuild-linux-mips64le
95 silly reify mark deleted [
95 silly reify   '/Users/bryankier/Work/Task-Flow/node_modules/esbuild-linux-mips64le'
95 silly reify ]
96 verbose reify failed optional dependency /Users/bryankier/Work/Task-Flow/node_modules/esbuild-linux-arm64
97 silly reify mark deleted [ '/Users/bryankier/Work/Task-Flow/node_modules/esbuild-linux-arm64' ]
98 verbose reify failed optional dependency /Users/bryankier/Work/Task-Flow/node_modules/esbuild-linux-arm
99 silly reify mark deleted [ '/Users/bryankier/Work/Task-Flow/node_modules/esbuild-linux-arm' ]
100 verbose reify failed optional dependency /Users/bryankier/Work/Task-Flow/node_modules/esbuild-linux-64
101 silly reify mark deleted [ '/Users/bryankier/Work/Task-Flow/node_modules/esbuild-linux-64' ]
102 verbose reify failed optional dependency /Users/bryankier/Work/Task-Flow/node_modules/esbuild-linux-32
103 silly reify mark deleted [ '/Users/bryankier/Work/Task-Flow/node_modules/esbuild-linux-32' ]
104 verbose reify failed optional dependency /Users/bryankier/Work/Task-Flow/node_modules/esbuild-freebsd-arm64
105 silly reify mark deleted [
105 silly reify   '/Users/bryankier/Work/Task-Flow/node_modules/esbuild-freebsd-arm64'
105 silly reify ]
106 verbose reify failed optional dependency /Users/bryankier/Work/Task-Flow/node_modules/esbuild-freebsd-64
107 silly reify mark deleted [ '/Users/bryankier/Work/Task-Flow/node_modules/esbuild-freebsd-64' ]
108 verbose reify failed optional dependency /Users/bryankier/Work/Task-Flow/node_modules/esbuild-darwin-64
109 silly reify mark deleted [ '/Users/bryankier/Work/Task-Flow/node_modules/esbuild-darwin-64' ]
110 verbose reify failed optional dependency /Users/bryankier/Work/Task-Flow/node_modules/esbuild-android-arm64
111 silly reify mark deleted [
111 silly reify   '/Users/bryankier/Work/Task-Flow/node_modules/esbuild-android-arm64'
111 silly reify ]
112 verbose reify failed optional dependency /Users/bryankier/Work/Task-Flow/node_modules/esbuild-android-64
113 silly reify mark deleted [ '/Users/bryankier/Work/Task-Flow/node_modules/esbuild-android-64' ]
114 verbose reify failed optional dependency /Users/bryankier/Work/Task-Flow/node_modules/@tailwindcss/oxide-win32-x64-msvc
115 silly reify mark deleted [
115 silly reify   '/Users/bryankier/Work/Task-Flow/node_modules/@tailwindcss/oxide-win32-x64-msvc'
115 silly reify ]
116 verbose reify failed optional dependency /Users/bryankier/Work/Task-Flow/node_modules/@tailwindcss/oxide-win32-arm64-msvc
117 silly reify mark deleted [
117 silly reify   '/Users/bryankier/Work/Task-Flow/node_modules/@tailwindcss/oxide-win32-arm64-msvc'
117 silly reify ]
118 verbose reify failed optional dependency /Users/bryankier/Work/Task-Flow/node_modules/@tailwindcss/oxide-linux-x64-musl
119 silly reify mark deleted [
119 silly reify   '/Users/bryankier/Work/Task-Flow/node_modules/@tailwindcss/oxide-linux-x64-musl'
119 silly reify ]
120 verbose reify failed optional dependency /Users/bryankier/Work/Task-Flow/node_modules/@tailwindcss/oxide-linux-x64-gnu
121 silly reify mark deleted [
121 silly reify   '/Users/bryankier/Work/Task-Flow/node_modules/@tailwindcss/oxide-linux-x64-gnu'
121 silly reify ]
122 verbose reify failed optional dependency /Users/bryankier/Work/Task-Flow/node_modules/@tailwindcss/oxide-linux-arm64-musl
123 silly reify mark deleted [
123 silly reify   '/Users/bryankier/Work/Task-Flow/node_modules/@tailwindcss/oxide-linux-arm64-musl'
123 silly reify ]
124 verbose reify failed optional dependency /Users/bryankier/Work/Task-Flow/node_modules/@tailwindcss/oxide-linux-arm64-gnu
125 silly reify mark deleted [
125 silly reify   '/Users/bryankier/Work/Task-Flow/node_modules/@tailwindcss/oxide-linux-arm64-gnu'
125 silly reify ]
126 verbose reify failed optional dependency /Users/bryankier/Work/Task-Flow/node_modules/@tailwindcss/oxide-linux-arm-gnueabihf
127 silly reify mark deleted [
127 silly reify   '/Users/bryankier/Work/Task-Flow/node_modules/@tailwindcss/oxide-linux-arm-gnueabihf'
127 silly reify ]
128 verbose reify failed optional dependency /Users/bryankier/Work/Task-Flow/node_modules/@tailwindcss/oxide-freebsd-x64
129 silly reify mark deleted [
129 silly reify   '/Users/bryankier/Work/Task-Flow/node_modules/@tailwindcss/oxide-freebsd-x64'
129 silly reify ]
130 verbose reify failed optional dependency /Users/bryankier/Work/Task-Flow/node_modules/@tailwindcss/oxide-darwin-x64
131 silly reify mark deleted [
131 silly reify   '/Users/bryankier/Work/Task-Flow/node_modules/@tailwindcss/oxide-darwin-x64'
131 silly reify ]
132 verbose reify failed optional dependency /Users/bryankier/Work/Task-Flow/node_modules/@tailwindcss/oxide-android-arm64
133 silly reify mark deleted [
133 silly reify   '/Users/bryankier/Work/Task-Flow/node_modules/@tailwindcss/oxide-android-arm64'
133 silly reify ]
134 verbose reify failed optional dependency /Users/bryankier/Work/Task-Flow/node_modules/@rollup/rollup-win32-x64-msvc
135 silly reify mark deleted [
135 silly reify   '/Users/bryankier/Work/Task-Flow/node_modules/@rollup/rollup-win32-x64-msvc'
135 silly reify ]
136 verbose reify failed optional dependency /Users/bryankier/Work/Task-Flow/node_modules/@rollup/rollup-win32-ia32-msvc
137 silly reify mark deleted [
137 silly reify   '/Users/bryankier/Work/Task-Flow/node_modules/@rollup/rollup-win32-ia32-msvc'
137 silly reify ]
138 verbose reify failed optional dependency /Users/bryankier/Work/Task-Flow/node_modules/@rollup/rollup-win32-arm64-msvc
139 silly reify mark deleted [
139 silly reify   '/Users/bryankier/Work/Task-Flow/node_modules/@rollup/rollup-win32-arm64-msvc'
139 silly reify ]
140 verbose reify failed optional dependency /Users/bryankier/Work/Task-Flow/node_modules/@rollup/rollup-linux-x64-musl
141 silly reify mark deleted [
141 silly reify   '/Users/bryankier/Work/Task-Flow/node_modules/@rollup/rollup-linux-x64-musl'
141 silly reify ]
142 verbose reify failed optional dependency /Users/bryankier/Work/Task-Flow/node_modules/@rollup/rollup-linux-x64-gnu
143 silly reify mark deleted [
143 silly reify   '/Users/bryankier/Work/Task-Flow/node_modules/@rollup/rollup-linux-x64-gnu'
143 silly reify ]
144 verbose reify failed optional dependency /Users/bryankier/Work/Task-Flow/node_modules/@rollup/rollup-linux-s390x-gnu
145 silly reify mark deleted [
145 silly reify   '/Users/bryankier/Work/Task-Flow/node_modules/@rollup/rollup-linux-s390x-gnu'
145 silly reify ]
146 verbose reify failed optional dependency /Users/bryankier/Work/Task-Flow/node_modules/@rollup/rollup-linux-riscv64-gnu
147 silly reify mark deleted [
147 silly reify   '/Users/bryankier/Work/Task-Flow/node_modules/@rollup/rollup-linux-riscv64-gnu'
147 silly reify ]
148 verbose reify failed optional dependency /Users/bryankier/Work/Task-Flow/node_modules/@rollup/rollup-linux-powerpc64le-gnu
149 silly reify mark deleted [
149 silly reify   '/Users/bryankier/Work/Task-Flow/node_modules/@rollup/rollup-linux-powerpc64le-gnu'
149 silly reify ]
150 verbose reify failed optional dependency /Users/bryankier/Work/Task-Flow/node_modules/@rollup/rollup-linux-arm64-musl
151 silly reify mark deleted [
151 silly reify   '/Users/bryankier/Work/Task-Flow/node_modules/@rollup/rollup-linux-arm64-musl'
151 silly reify ]
152 verbose reify failed optional dependency /Users/bryankier/Work/Task-Flow/node_modules/@rollup/rollup-linux-arm64-gnu
153 silly reify mark deleted [
153 silly reify   '/Users/bryankier/Work/Task-Flow/node_modules/@rollup/rollup-linux-arm64-gnu'
153 silly reify ]
154 verbose reify failed optional dependency /Users/bryankier/Work/Task-Flow/node_modules/@rollup/rollup-linux-arm-musleabihf
155 silly reify mark deleted [
155 silly reify   '/Users/bryankier/Work/Task-Flow/node_modules/@rollup/rollup-linux-arm-musleabihf'
155 silly reify ]
156 verbose reify failed optional dependency /Users/bryankier/Work/Task-Flow/node_modules/@rollup/rollup-linux-arm-gnueabihf
157 silly reify mark deleted [
157 silly reify   '/Users/bryankier/Work/Task-Flow/node_modules/@rollup/rollup-linux-arm-gnueabihf'
157 silly reify ]
158 verbose reify failed optional dependency /Users/bryankier/Work/Task-Flow/node_modules/@rollup/rollup-freebsd-x64
159 silly reify mark deleted [
159 silly reify   '/Users/bryankier/Work/Task-Flow/node_modules/@rollup/rollup-freebsd-x64'
159 silly reify ]
160 verbose reify failed optional dependency /Users/bryankier/Work/Task-Flow/node_modules/@rollup/rollup-freebsd-arm64
161 silly reify mark deleted [
161 silly reify   '/Users/bryankier/Work/Task-Flow/node_modules/@rollup/rollup-freebsd-arm64'
161 silly reify ]
162 verbose reify failed optional dependency /Users/bryankier/Work/Task-Flow/node_modules/@rollup/rollup-darwin-x64
163 silly reify mark deleted [
163 silly reify   '/Users/bryankier/Work/Task-Flow/node_modules/@rollup/rollup-darwin-x64'
163 silly reify ]
164 verbose reify failed optional dependency /Users/bryankier/Work/Task-Flow/node_modules/@rollup/rollup-android-arm64
165 silly reify mark deleted [
165 silly reify   '/Users/bryankier/Work/Task-Flow/node_modules/@rollup/rollup-android-arm64'
165 silly reify ]
166 verbose reify failed optional dependency /Users/bryankier/Work/Task-Flow/node_modules/@rollup/rollup-android-arm-eabi
167 silly reify mark deleted [
167 silly reify   '/Users/bryankier/Work/Task-Flow/node_modules/@rollup/rollup-android-arm-eabi'
167 silly reify ]
168 verbose reify failed optional dependency /Users/bryankier/Work/Task-Flow/node_modules/@esbuild/win32-x64
169 silly reify mark deleted [ '/Users/bryankier/Work/Task-Flow/node_modules/@esbuild/win32-x64' ]
170 verbose reify failed optional dependency /Users/bryankier/Work/Task-Flow/node_modules/@esbuild/win32-ia32
171 silly reify mark deleted [ '/Users/bryankier/Work/Task-Flow/node_modules/@esbuild/win32-ia32' ]
172 verbose reify failed optional dependency /Users/bryankier/Work/Task-Flow/node_modules/@esbuild/win32-arm64
173 silly reify mark deleted [ '/Users/bryankier/Work/Task-Flow/node_modules/@esbuild/win32-arm64' ]
174 verbose reify failed optional dependency /Users/bryankier/Work/Task-Flow/node_modules/@esbuild/sunos-x64
175 silly reify mark deleted [ '/Users/bryankier/Work/Task-Flow/node_modules/@esbuild/sunos-x64' ]
176 verbose reify failed optional dependency /Users/bryankier/Work/Task-Flow/node_modules/@esbuild/openharmony-arm64
177 silly reify mark deleted [
177 silly reify   '/Users/bryankier/Work/Task-Flow/node_modules/@esbuild/openharmony-arm64'
177 silly reify ]
178 verbose reify failed optional dependency /Users/bryankier/Work/Task-Flow/node_modules/@esbuild/openbsd-x64
179 silly reify mark deleted [ '/Users/bryankier/Work/Task-Flow/node_modules/@esbuild/openbsd-x64' ]
180 verbose reify failed optional dependency /Users/bryankier/Work/Task-Flow/node_modules/@esbuild/openbsd-arm64
181 silly reify mark deleted [
181 silly reify   '/Users/bryankier/Work/Task-Flow/node_modules/@esbuild/openbsd-arm64'
181 silly reify ]
182 verbose reify failed optional dependency /Users/bryankier/Work/Task-Flow/node_modules/@esbuild/netbsd-x64
183 silly reify mark deleted [ '/Users/bryankier/Work/Task-Flow/node_modules/@esbuild/netbsd-x64' ]
184 verbose reify failed optional dependency /Users/bryankier/Work/Task-Flow/node_modules/@esbuild/netbsd-arm64
185 silly reify mark deleted [
185 silly reify   '/Users/bryankier/Work/Task-Flow/node_modules/@esbuild/netbsd-arm64'
185 silly reify ]
186 verbose reify failed optional dependency /Users/bryankier/Work/Task-Flow/node_modules/@esbuild/linux-x64
187 silly reify mark deleted [ '/Users/bryankier/Work/Task-Flow/node_modules/@esbuild/linux-x64' ]
188 verbose reify failed optional dependency /Users/bryankier/Work/Task-Flow/node_modules/@esbuild/linux-s390x
189 silly reify mark deleted [ '/Users/bryankier/Work/Task-Flow/node_modules/@esbuild/linux-s390x' ]
190 verbose reify failed optional dependency /Users/bryankier/Work/Task-Flow/node_modules/@esbuild/linux-riscv64
191 silly reify mark deleted [
191 silly reify   '/Users/bryankier/Work/Task-Flow/node_modules/@esbuild/linux-riscv64'
191 silly reify ]
192 verbose reify failed optional dependency /Users/bryankier/Work/Task-Flow/node_modules/@esbuild/linux-ppc64
193 silly reify mark deleted [ '/Users/bryankier/Work/Task-Flow/node_modules/@esbuild/linux-ppc64' ]
194 verbose reify failed optional dependency /Users/bryankier/Work/Task-Flow/node_modules/@esbuild/linux-mips64el
195 silly reify mark deleted [
195 silly reify   '/Users/bryankier/Work/Task-Flow/node_modules/@esbuild/linux-mips64el'
195 silly reify ]
196 verbose reify failed optional dependency /Users/bryankier/Work/Task-Flow/node_modules/@esbuild/linux-loong64
197 silly reify mark deleted [
197 silly reify   '/Users/bryankier/Work/Task-Flow/node_modules/@esbuild/linux-loong64'
197 silly reify ]
198 verbose reify failed optional dependency /Users/bryankier/Work/Task-Flow/node_modules/@esbuild/linux-ia32
199 silly reify mark deleted [ '/Users/bryankier/Work/Task-Flow/node_modules/@esbuild/linux-ia32' ]
200 verbose reify failed optional dependency /Users/bryankier/Work/Task-Flow/node_modules/@esbuild/linux-arm64
201 silly reify mark deleted [ '/Users/bryankier/Work/Task-Flow/node_modules/@esbuild/linux-arm64' ]
202 verbose reify failed optional dependency /Users/bryankier/Work/Task-Flow/node_modules/@esbuild/linux-arm
203 silly reify mark deleted [ '/Users/bryankier/Work/Task-Flow/node_modules/@esbuild/linux-arm' ]
204 verbose reify failed optional dependency /Users/bryankier/Work/Task-Flow/node_modules/@esbuild/freebsd-x64
205 silly reify mark deleted [ '/Users/bryankier/Work/Task-Flow/node_modules/@esbuild/freebsd-x64' ]
206 verbose reify failed optional dependency /Users/bryankier/Work/Task-Flow/node_modules/@esbuild/freebsd-arm64
207 silly reify mark deleted [
207 silly reify   '/Users/bryankier/Work/Task-Flow/node_modules/@esbuild/freebsd-arm64'
207 silly reify ]
208 verbose reify failed optional dependency /Users/bryankier/Work/Task-Flow/node_modules/@esbuild/darwin-x64
209 silly reify mark deleted [ '/Users/bryankier/Work/Task-Flow/node_modules/@esbuild/darwin-x64' ]
210 verbose reify failed optional dependency /Users/bryankier/Work/Task-Flow/node_modules/@esbuild/android-x64
211 silly reify mark deleted [ '/Users/bryankier/Work/Task-Flow/node_modules/@esbuild/android-x64' ]
212 verbose reify failed optional dependency /Users/bryankier/Work/Task-Flow/node_modules/@esbuild/android-arm64
213 silly reify mark deleted [
213 silly reify   '/Users/bryankier/Work/Task-Flow/node_modules/@esbuild/android-arm64'
213 silly reify ]
214 verbose reify failed optional dependency /Users/bryankier/Work/Task-Flow/node_modules/@esbuild/android-arm
215 silly reify mark deleted [ '/Users/bryankier/Work/Task-Flow/node_modules/@esbuild/android-arm' ]
216 verbose reify failed optional dependency /Users/bryankier/Work/Task-Flow/node_modules/@esbuild/aix-ppc64
217 silly reify mark deleted [ '/Users/bryankier/Work/Task-Flow/node_modules/@esbuild/aix-ppc64' ]
218 verbose reify failed optional dependency /Users/bryankier/Work/Task-Flow/node_modules/@esbuild-kit/core-utils/node_modules/@esbuild/win32-x64
219 silly reify mark deleted [
219 silly reify   '/Users/bryankier/Work/Task-Flow/node_modules/@esbuild-kit/core-utils/node_modules/@esbuild/win32-x64'
219 silly reify ]
220 verbose reify failed optional dependency /Users/bryankier/Work/Task-Flow/node_modules/@esbuild-kit/core-utils/node_modules/@esbuild/win32-ia32
221 silly reify mark deleted [
221 silly reify   '/Users/bryankier/Work/Task-Flow/node_modules/@esbuild-kit/core-utils/node_modules/@esbuild/win32-ia32'
221 silly reify ]
222 verbose reify failed optional dependency /Users/bryankier/Work/Task-Flow/node_modules/@esbuild-kit/core-utils/node_modules/@esbuild/win32-arm64
223 silly reify mark deleted [
223 silly reify   '/Users/bryankier/Work/Task-Flow/node_modules/@esbuild-kit/core-utils/node_modules/@esbuild/win32-arm64'
223 silly reify ]
224 verbose reify failed optional dependency /Users/bryankier/Work/Task-Flow/node_modules/@esbuild-kit/core-utils/node_modules/@esbuild/sunos-x64
225 silly reify mark deleted [
225 silly reify   '/Users/bryankier/Work/Task-Flow/node_modules/@esbuild-kit/core-utils/node_modules/@esbuild/sunos-x64'
225 silly reify ]
226 verbose reify failed optional dependency /Users/bryankier/Work/Task-Flow/node_modules/@esbuild-kit/core-utils/node_modules/@esbuild/openbsd-x64
227 silly reify mark deleted [
227 silly reify   '/Users/bryankier/Work/Task-Flow/node_modules/@esbuild-kit/core-utils/node_modules/@esbuild/openbsd-x64'
227 silly reify ]
228 verbose reify failed optional dependency /Users/bryankier/Work/Task-Flow/node_modules/@esbuild-kit/core-utils/node_modules/@esbuild/netbsd-x64
229 silly reify mark deleted [
229 silly reify   '/Users/bryankier/Work/Task-Flow/node_modules/@esbuild-kit/core-utils/node_modules/@esbuild/netbsd-x64'
229 silly reify ]
230 verbose reify failed optional dependency /Users/bryankier/Work/Task-Flow/node_modules/@esbuild-kit/core-utils/node_modules/@esbuild/linux-x64
231 silly reify mark deleted [
231 silly reify   '/Users/bryankier/Work/Task-Flow/node_modules/@esbuild-kit/core-utils/node_modules/@esbuild/linux-x64'
231 silly reify ]
232 verbose reify failed optional dependency /Users/bryankier/Work/Task-Flow/node_modules/@esbuild-kit/core-utils/node_modules/@esbuild/linux-s390x
233 silly reify mark deleted [
233 silly reify   '/Users/bryankier/Work/Task-Flow/node_modules/@esbuild-kit/core-utils/node_modules/@esbuild/linux-s390x'
233 silly reify ]
234 verbose reify failed optional dependency /Users/bryankier/Work/Task-Flow/node_modules/@esbuild-kit/core-utils/node_modules/@esbuild/linux-riscv64
235 silly reify mark deleted [
235 silly reify   '/Users/bryankier/Work/Task-Flow/node_modules/@esbuild-kit/core-utils/node_modules/@esbuild/linux-riscv64'
235 silly reify ]
236 verbose reify failed optional dependency /Users/bryankier/Work/Task-Flow/node_modules/@esbuild-kit/core-utils/node_modules/@esbuild/linux-ppc64
237 silly reify mark deleted [
237 silly reify   '/Users/bryankier/Work/Task-Flow/node_modules/@esbuild-kit/core-utils/node_modules/@esbuild/linux-ppc64'
237 silly reify ]
238 verbose reify failed optional dependency /Users/bryankier/Work/Task-Flow/node_modules/@esbuild-kit/core-utils/node_modules/@esbuild/linux-mips64el
239 silly reify mark deleted [
239 silly reify   '/Users/bryankier/Work/Task-Flow/node_modules/@esbuild-kit/core-utils/node_modules/@esbuild/linux-mips64el'
239 silly reify ]
240 verbose reify failed optional dependency /Users/bryankier/Work/Task-Flow/node_modules/@esbuild-kit/core-utils/node_modules/@esbuild/linux-loong64
241 silly reify mark deleted [
241 silly reify   '/Users/bryankier/Work/Task-Flow/node_modules/@esbuild-kit/core-utils/node_modules/@esbuild/linux-loong64'
241 silly reify ]
242 verbose reify failed optional dependency /Users/bryankier/Work/Task-Flow/node_modules/@esbuild-kit/core-utils/node_modules/@esbuild/linux-ia32
243 silly reify mark deleted [
243 silly reify   '/Users/bryankier/Work/Task-Flow/node_modules/@esbuild-kit/core-utils/node_modules/@esbuild/linux-ia32'
243 silly reify ]
244 verbose reify failed optional dependency /Users/bryankier/Work/Task-Flow/node_modules/@esbuild-kit/core-utils/node_modules/@esbuild/linux-arm64
245 silly reify mark deleted [
245 silly reify   '/Users/bryankier/Work/Task-Flow/node_modules/@esbuild-kit/core-utils/node_modules/@esbuild/linux-arm64'
245 silly reify ]
246 verbose reify failed optional dependency /Users/bryankier/Work/Task-Flow/node_modules/@esbuild-kit/core-utils/node_modules/@esbuild/linux-arm
247 silly reify mark deleted [
247 silly reify   '/Users/bryankier/Work/Task-Flow/node_modules/@esbuild-kit/core-utils/node_modules/@esbuild/linux-arm'
247 silly reify ]
248 verbose reify failed optional dependency /Users/bryankier/Work/Task-Flow/node_modules/@esbuild-kit/core-utils/node_modules/@esbuild/freebsd-x64
249 silly reify mark deleted [
249 silly reify   '/Users/bryankier/Work/Task-Flow/node_modules/@esbuild-kit/core-utils/node_modules/@esbuild/freebsd-x64'
249 silly reify ]
250 verbose reify failed optional dependency /Users/bryankier/Work/Task-Flow/node_modules/@esbuild-kit/core-utils/node_modules/@esbuild/freebsd-arm64
251 silly reify mark deleted [
251 silly reify   '/Users/bryankier/Work/Task-Flow/node_modules/@esbuild-kit/core-utils/node_modules/@esbuild/freebsd-arm64'
251 silly reify ]
252 verbose reify failed optional dependency /Users/bryankier/Work/Task-Flow/node_modules/@esbuild-kit/core-utils/node_modules/@esbuild/darwin-x64
253 silly reify mark deleted [
253 silly reify   '/Users/bryankier/Work/Task-Flow/node_modules/@esbuild-kit/core-utils/node_modules/@esbuild/darwin-x64'
253 silly reify ]
254 verbose reify failed optional dependency /Users/bryankier/Work/Task-Flow/node_modules/@esbuild-kit/core-utils/node_modules/@esbuild/android-x64
255 silly reify mark deleted [
255 silly reify   '/Users/bryankier/Work/Task-Flow/node_modules/@esbuild-kit/core-utils/node_modules/@esbuild/android-x64'
255 silly reify ]
256 verbose reify failed optional dependency /Users/bryankier/Work/Task-Flow/node_modules/@esbuild-kit/core-utils/node_modules/@esbuild/android-arm64
257 silly reify mark deleted [
257 silly reify   '/Users/bryankier/Work/Task-Flow/node_modules/@esbuild-kit/core-utils/node_modules/@esbuild/android-arm64'
257 silly reify ]
258 verbose reify failed optional dependency /Users/bryankier/Work/Task-Flow/node_modules/@esbuild-kit/core-utils/node_modules/@esbuild/android-arm
259 silly reify mark deleted [
259 silly reify   '/Users/bryankier/Work/Task-Flow/node_modules/@esbuild-kit/core-utils/node_modules/@esbuild/android-arm'
259 silly reify ]
260 verbose reify failed optional dependency /Users/bryankier/Work/Task-Flow/node_modules/vite/node_modules/@esbuild/win32-x64
261 silly reify mark deleted [
261 silly reify   '/Users/bryankier/Work/Task-Flow/node_modules/vite/node_modules/@esbuild/win32-x64'
261 silly reify ]
262 verbose reify failed optional dependency /Users/bryankier/Work/Task-Flow/node_modules/vite/node_modules/@esbuild/win32-ia32
263 silly reify mark deleted [
263 silly reify   '/Users/bryankier/Work/Task-Flow/node_modules/vite/node_modules/@esbuild/win32-ia32'
263 silly reify ]
264 verbose reify failed optional dependency /Users/bryankier/Work/Task-Flow/node_modules/vite/node_modules/@esbuild/win32-arm64
265 silly reify mark deleted [
265 silly reify   '/Users/bryankier/Work/Task-Flow/node_modules/vite/node_modules/@esbuild/win32-arm64'
265 silly reify ]
266 verbose reify failed optional dependency /Users/bryankier/Work/Task-Flow/node_modules/vite/node_modules/@esbuild/sunos-x64
267 silly reify mark deleted [
267 silly reify   '/Users/bryankier/Work/Task-Flow/node_modules/vite/node_modules/@esbuild/sunos-x64'
267 silly reify ]
268 verbose reify failed optional dependency /Users/bryankier/Work/Task-Flow/node_modules/vite/node_modules/@esbuild/openbsd-x64
269 silly reify mark deleted [
269 silly reify   '/Users/bryankier/Work/Task-Flow/node_modules/vite/node_modules/@esbuild/openbsd-x64'
269 silly reify ]
270 verbose reify failed optional dependency /Users/bryankier/Work/Task-Flow/node_modules/vite/node_modules/@esbuild/netbsd-x64
271 silly reify mark deleted [
271 silly reify   '/Users/bryankier/Work/Task-Flow/node_modules/vite/node_modules/@esbuild/netbsd-x64'
271 silly reify ]
272 verbose reify failed optional dependency /Users/bryankier/Work/Task-Flow/node_modules/vite/node_modules/@esbuild/linux-x64
273 silly reify mark deleted [
273 silly reify   '/Users/bryankier/Work/Task-Flow/node_modules/vite/node_modules/@esbuild/linux-x64'
273 silly reify ]
274 verbose reify failed optional dependency /Users/bryankier/Work/Task-Flow/node_modules/vite/node_modules/@esbuild/linux-s390x
275 silly reify mark deleted [
275 silly reify   '/Users/bryankier/Work/Task-Flow/node_modules/vite/node_modules/@esbuild/linux-s390x'
275 silly reify ]
276 verbose reify failed optional dependency /Users/bryankier/Work/Task-Flow/node_modules/vite/node_modules/@esbuild/linux-riscv64
277 silly reify mark deleted [
277 silly reify   '/Users/bryankier/Work/Task-Flow/node_modules/vite/node_modules/@esbuild/linux-riscv64'
277 silly reify ]
278 verbose reify failed optional dependency /Users/bryankier/Work/Task-Flow/node_modules/vite/node_modules/@esbuild/linux-ppc64
279 silly reify mark deleted [
279 silly reify   '/Users/bryankier/Work/Task-Flow/node_modules/vite/node_modules/@esbuild/linux-ppc64'
279 silly reify ]
280 verbose reify failed optional dependency /Users/bryankier/Work/Task-Flow/node_modules/vite/node_modules/@esbuild/linux-mips64el
281 silly reify mark deleted [
281 silly reify   '/Users/bryankier/Work/Task-Flow/node_modules/vite/node_modules/@esbuild/linux-mips64el'
281 silly reify ]
282 verbose reify failed optional dependency /Users/bryankier/Work/Task-Flow/node_modules/vite/node_modules/@esbuild/linux-loong64
283 silly reify mark deleted [
283 silly reify   '/Users/bryankier/Work/Task-Flow/node_modules/vite/node_modules/@esbuild/linux-loong64'
283 silly reify ]
284 verbose reify failed optional dependency /Users/bryankier/Work/Task-Flow/node_modules/vite/node_modules/@esbuild/linux-ia32
285 silly reify mark deleted [
285 silly reify   '/Users/bryankier/Work/Task-Flow/node_modules/vite/node_modules/@esbuild/linux-ia32'
285 silly reify ]
286 verbose reify failed optional dependency /Users/bryankier/Work/Task-Flow/node_modules/vite/node_modules/@esbuild/linux-arm64
287 silly reify mark deleted [
287 silly reify   '/Users/bryankier/Work/Task-Flow/node_modules/vite/node_modules/@esbuild/linux-arm64'
287 silly reify ]
288 verbose reify failed optional dependency /Users/bryankier/Work/Task-Flow/node_modules/vite/node_modules/@esbuild/linux-arm
289 silly reify mark deleted [
289 silly reify   '/Users/bryankier/Work/Task-Flow/node_modules/vite/node_modules/@esbuild/linux-arm'
289 silly reify ]
290 verbose reify failed optional dependency /Users/bryankier/Work/Task-Flow/node_modules/vite/node_modules/@esbuild/freebsd-x64
291 silly reify mark deleted [
291 silly reify   '/Users/bryankier/Work/Task-Flow/node_modules/vite/node_modules/@esbuild/freebsd-x64'
291 silly reify ]
292 verbose reify failed optional dependency /Users/bryankier/Work/Task-Flow/node_modules/vite/node_modules/@esbuild/freebsd-arm64
293 silly reify mark deleted [
293 silly reify   '/Users/bryankier/Work/Task-Flow/node_modules/vite/node_modules/@esbuild/freebsd-arm64'
293 silly reify ]
294 verbose reify failed optional dependency /Users/bryankier/Work/Task-Flow/node_modules/vite/node_modules/@esbuild/darwin-x64
295 silly reify mark deleted [
295 silly reify   '/Users/bryankier/Work/Task-Flow/node_modules/vite/node_modules/@esbuild/darwin-x64'
295 silly reify ]
296 verbose reify failed optional dependency /Users/bryankier/Work/Task-Flow/node_modules/vite/node_modules/@esbuild/android-x64
297 silly reify mark deleted [
297 silly reify   '/Users/bryankier/Work/Task-Flow/node_modules/vite/node_modules/@esbuild/android-x64'
297 silly reify ]
298 verbose reify failed optional dependency /Users/bryankier/Work/Task-Flow/node_modules/vite/node_modules/@esbuild/android-arm64
299 silly reify mark deleted [
299 silly reify   '/Users/bryankier/Work/Task-Flow/node_modules/vite/node_modules/@esbuild/android-arm64'
299 silly reify ]
300 verbose reify failed optional dependency /Users/bryankier/Work/Task-Flow/node_modules/vite/node_modules/@esbuild/android-arm
301 silly reify mark deleted [
301 silly reify   '/Users/bryankier/Work/Task-Flow/node_modules/vite/node_modules/@esbuild/android-arm'
301 silly reify ]
302 verbose reify failed optional dependency /Users/bryankier/Work/Task-Flow/node_modules/vite/node_modules/@esbuild/aix-ppc64
303 silly reify mark deleted [
303 silly reify   '/Users/bryankier/Work/Task-Flow/node_modules/vite/node_modules/@esbuild/aix-ppc64'
303 silly reify ]
304 silly tarball no local data for immediate@https://registry.npmjs.org/immediate/-/immediate-3.0.6.tgz. Extracting by manifest.
305 silly tarball no local data for lie@https://registry.npmjs.org/lie/-/lie-3.1.1.tgz. Extracting by manifest.
306 silly tarball no local data for localforage@https://registry.npmjs.org/localforage/-/localforage-1.10.0.tgz. Extracting by manifest.
307 silly tarball no local data for @tanstack/react-query-persist-client@https://registry.npmjs.org/@tanstack/react-query-persist-client/-/react-query-persist-client-5.90.14.tgz. Extracting by manifest.
308 silly tarball no local data for @tanstack/query-persist-client-core@https://registry.npmjs.org/@tanstack/query-persist-client-core/-/query-persist-client-core-5.91.11.tgz. Extracting by manifest.
309 silly tarball no local data for @tanstack/query-core@https://registry.npmjs.org/@tanstack/query-core/-/query-core-5.90.12.tgz. Extracting by manifest.
310 silly tarball no local data for @tanstack/react-query@https://registry.npmjs.org/@tanstack/react-query/-/react-query-5.90.12.tgz. Extracting by manifest.
311 http fetch GET 200 https://registry.npmjs.org/immediate/-/immediate-3.0.6.tgz 136ms (cache miss)
312 http fetch GET 200 https://registry.npmjs.org/lie/-/lie-3.1.1.tgz 135ms (cache miss)
313 http fetch POST 200 https://registry.npmjs.org/-/npm/v1/security/advisories/bulk 312ms
314 silly audit report {
314 silly audit report   esbuild: [
314 silly audit report     {
314 silly audit report       id: 1102341,
314 silly audit report       url: 'https://github.com/advisories/GHSA-67mh-4wv8-2f99',
314 silly audit report       title: 'esbuild enables any website to send any requests to the development server and read the response',
314 silly audit report       severity: 'moderate',
314 silly audit report       vulnerable_versions: '<=0.24.2',
314 silly audit report       cwe: [Array],
314 silly audit report       cvss: [Object]
314 silly audit report     }
314 silly audit report   ],
314 silly audit report   'brace-expansion': [
314 silly audit report     {
314 silly audit report       id: 1105444,
314 silly audit report       url: 'https://github.com/advisories/GHSA-v6h2-p8h4-qcjw',
314 silly audit report       title: 'brace-expansion Regular Expression Denial of Service vulnerability',
314 silly audit report       severity: 'low',
314 silly audit report       vulnerable_versions: '>=2.0.0 <=2.0.1',
314 silly audit report       cwe: [Array],
314 silly audit report       cvss: [Object]
314 silly audit report     }
314 silly audit report   ],
314 silly audit report   glob: [
314 silly audit report     {
314 silly audit report       id: 1109842,
314 silly audit report       url: 'https://github.com/advisories/GHSA-5j98-mcp5-4vw2',
314 silly audit report       title: 'glob CLI: Command injection via -c/--cmd executes matches with shell:true',
314 silly audit report       severity: 'high',
314 silly audit report       vulnerable_versions: '>=10.2.0 <10.5.0',
314 silly audit report       cwe: [Array],
314 silly audit report       cvss: [Object]
314 silly audit report     }
314 silly audit report   ],
314 silly audit report   'path-to-regexp': [
314 silly audit report     {
314 silly audit report       id: 1101846,
314 silly audit report       url: 'https://github.com/advisories/GHSA-9wv6-86v2-598j',
314 silly audit report       title: 'path-to-regexp outputs backtracking regular expressions',
314 silly audit report       severity: 'high',
314 silly audit report       vulnerable_versions: '>=4.0.0 <6.3.0',
314 silly audit report       cwe: [Array],
314 silly audit report       cvss: [Object]
314 silly audit report     }
314 silly audit report   ],
314 silly audit report   'on-headers': [
314 silly audit report     {
314 silly audit report       id: 1106812,
314 silly audit report       url: 'https://github.com/advisories/GHSA-76c9-3jph-rj3q',
314 silly audit report       title: 'on-headers is vulnerable to http response header manipulation',
314 silly audit report       severity: 'low',
314 silly audit report       vulnerable_versions: '<1.1.0',
314 silly audit report       cwe: [Array],
314 silly audit report       cvss: [Object]
314 silly audit report     }
314 silly audit report   ],
314 silly audit report   undici: [
314 silly audit report     {
314 silly audit report       id: 1101610,
314 silly audit report       url: 'https://github.com/advisories/GHSA-c76h-2ccp-4975',
314 silly audit report       title: 'Use of Insufficiently Random Values in undici',
314 silly audit report       severity: 'moderate',
314 silly audit report       vulnerable_versions: '>=4.5.0 <5.28.5',
314 silly audit report       cwe: [Array],
314 silly audit report       cvss: [Object]
314 silly audit report     },
314 silly audit report     {
314 silly audit report       id: 1104501,
314 silly audit report       url: 'https://github.com/advisories/GHSA-cxrh-j4jr-qwg3',
314 silly audit report       title: 'undici Denial of Service attack via bad certificate data',
314 silly audit report       severity: 'low',
314 silly audit report       vulnerable_versions: '<5.29.0',
314 silly audit report       cwe: [Array],
314 silly audit report       cvss: [Object]
314 silly audit report     }
314 silly audit report   ],
314 silly audit report   vite: [
314 silly audit report     {
314 silly audit report       id: 1109131,
314 silly audit report       url: 'https://github.com/advisories/GHSA-93m4-6634-74q7',
314 silly audit report       title: 'vite allows server.fs.deny bypass via backslash on Windows',
314 silly audit report       severity: 'moderate',
314 silly audit report       vulnerable_versions: '>=5.2.6 <=5.4.20',
314 silly audit report       cwe: [Array],
314 silly audit report       cvss: [Object]
314 silly audit report     }
314 silly audit report   ]
314 silly audit report }
315 silly packumentCache corgi:https://registry.npmjs.org/esbuild cache-miss
316 silly packumentCache corgi:https://registry.npmjs.org/brace-expansion cache-miss
317 silly packumentCache corgi:https://registry.npmjs.org/glob cache-miss
318 silly packumentCache corgi:https://registry.npmjs.org/path-to-regexp cache-miss
319 silly packumentCache corgi:https://registry.npmjs.org/on-headers cache-miss
320 silly packumentCache corgi:https://registry.npmjs.org/undici cache-miss
321 silly packumentCache corgi:https://registry.npmjs.org/vite cache-miss
322 http fetch GET 200 https://registry.npmjs.org/brace-expansion 137ms (cache miss)
323 silly packumentCache corgi:https://registry.npmjs.org/brace-expansion set size:undefined disposed:false
324 http fetch GET 200 https://registry.npmjs.org/localforage/-/localforage-1.10.0.tgz 448ms (cache miss)
325 http fetch GET 200 https://registry.npmjs.org/glob 199ms (cache miss)
326 silly packumentCache corgi:https://registry.npmjs.org/glob set size:undefined disposed:false
327 http fetch GET 200 https://registry.npmjs.org/esbuild 209ms (cache miss)
328 silly packumentCache corgi:https://registry.npmjs.org/esbuild set size:undefined disposed:false
329 http fetch GET 200 https://registry.npmjs.org/@tanstack/react-query/-/react-query-5.90.12.tgz 571ms (cache miss)
330 http fetch GET 200 https://registry.npmjs.org/@tanstack/query-core/-/query-core-5.90.12.tgz 672ms (cache miss)
331 http fetch GET 200 https://registry.npmjs.org/path-to-regexp 403ms (cache miss)
332 silly packumentCache corgi:https://registry.npmjs.org/path-to-regexp set size:undefined disposed:false
333 http fetch GET 200 https://registry.npmjs.org/undici 409ms (cache miss)
334 silly packumentCache corgi:https://registry.npmjs.org/undici set size:undefined disposed:false
335 http fetch GET 200 https://registry.npmjs.org/on-headers 435ms (cache miss)
336 silly packumentCache corgi:https://registry.npmjs.org/on-headers set size:undefined disposed:false
337 http fetch GET 200 https://registry.npmjs.org/vite 562ms (cache miss)
338 silly packumentCache corgi:https://registry.npmjs.org/vite set size:undefined disposed:false
339 silly packumentCache corgi:https://registry.npmjs.org/@esbuild-kit%2fcore-utils cache-miss
340 silly packumentCache corgi:https://registry.npmjs.org/@vercel%2fnode cache-miss
341 http fetch GET 200 https://registry.npmjs.org/@tanstack/react-query-persist-client/-/react-query-persist-client-5.90.14.tgz 950ms (cache miss)
342 http fetch GET 200 https://registry.npmjs.org/@tanstack/query-persist-client-core/-/query-persist-client-core-5.91.11.tgz 954ms (cache miss)
343 http fetch GET 200 https://registry.npmjs.org/@esbuild-kit%2fcore-utils 433ms (cache miss)
344 silly packumentCache corgi:https://registry.npmjs.org/@esbuild-kit%2fcore-utils set size:undefined disposed:false
345 http fetch GET 200 https://registry.npmjs.org/@vercel%2fnode 528ms (cache miss)
346 silly packumentCache corgi:https://registry.npmjs.org/@vercel%2fnode set size:undefined disposed:false
347 silly packumentCache corgi:https://registry.npmjs.org/minimatch cache-miss
348 http fetch GET 200 https://registry.npmjs.org/minimatch 152ms (cache miss)
349 silly packumentCache corgi:https://registry.npmjs.org/minimatch set size:undefined disposed:false
350 silly packumentCache corgi:https://registry.npmjs.org/sucrase cache-miss
351 http fetch GET 200 https://registry.npmjs.org/sucrase 105ms (cache miss)
352 silly packumentCache corgi:https://registry.npmjs.org/sucrase set size:undefined disposed:false
353 silly packumentCache corgi:https://registry.npmjs.org/express-session cache-miss
354 http fetch GET 200 https://registry.npmjs.org/express-session 116ms (cache miss)
355 silly packumentCache corgi:https://registry.npmjs.org/express-session set size:undefined disposed:false
356 silly packumentCache corgi:https://registry.npmjs.org/@tailwindcss%2fvite cache-miss
357 silly packumentCache corgi:https://registry.npmjs.org/@vitejs%2fplugin-react cache-miss
358 silly packumentCache corgi:https://registry.npmjs.org/vite-plugin-pwa cache-miss
359 http fetch GET 200 https://registry.npmjs.org/vite-plugin-pwa 184ms (cache miss)
360 silly packumentCache corgi:https://registry.npmjs.org/vite-plugin-pwa set size:undefined disposed:false
361 http fetch GET 200 https://registry.npmjs.org/@vitejs%2fplugin-react 221ms (cache miss)
362 silly packumentCache corgi:https://registry.npmjs.org/@vitejs%2fplugin-react set size:undefined disposed:false
363 http fetch GET 200 https://registry.npmjs.org/@tailwindcss%2fvite 237ms (cache miss)
364 silly packumentCache corgi:https://registry.npmjs.org/@tailwindcss%2fvite set size:undefined disposed:false
365 silly packumentCache corgi:https://registry.npmjs.org/@esbuild-kit%2fesm-loader cache-miss
366 http fetch GET 200 https://registry.npmjs.org/@esbuild-kit%2fesm-loader 308ms (cache miss)
367 silly packumentCache corgi:https://registry.npmjs.org/@esbuild-kit%2fesm-loader set size:undefined disposed:false
368 silly packumentCache corgi:https://registry.npmjs.org/drizzle-kit cache-miss
369 http fetch GET 200 https://registry.npmjs.org/drizzle-kit 197ms (cache miss)
370 silly packumentCache corgi:https://registry.npmjs.org/drizzle-kit set size:undefined disposed:false
371 silly ADD node_modules/immediate
372 silly ADD node_modules/lie
373 silly ADD node_modules/@tanstack/query-persist-client-core
374 silly ADD node_modules/localforage
375 silly ADD node_modules/@tanstack/react-query-persist-client
376 silly ADD
377 silly ADD
378 silly ADD
379 silly ADD
380 silly ADD
381 silly ADD
382 silly ADD
383 silly ADD
384 silly ADD
385 silly ADD
386 silly ADD
387 silly ADD
388 silly ADD
389 silly ADD
390 silly ADD
391 silly ADD
392 silly ADD
393 silly ADD
394 silly ADD
395 silly ADD
396 silly ADD
397 silly ADD
398 silly ADD
399 silly ADD
400 silly ADD
401 silly ADD
402 silly ADD
403 silly ADD
404 silly ADD
405 silly ADD
406 silly ADD
407 silly ADD
408 silly ADD
409 silly ADD
410 silly ADD
411 silly ADD
412 silly ADD
413 silly ADD
414 silly ADD
415 silly ADD
416 silly ADD
417 silly ADD
418 silly ADD
419 silly ADD
420 silly ADD
421 silly ADD
422 silly ADD
423 silly ADD
424 silly ADD
425 silly ADD
426 silly ADD
427 silly ADD
428 silly ADD
429 silly ADD
430 silly ADD
431 silly ADD
432 silly ADD
433 silly ADD
434 silly ADD
435 silly ADD
436 silly ADD
437 silly ADD
438 silly ADD
439 silly ADD
440 silly ADD
441 silly ADD
442 silly ADD
443 silly ADD
444 silly ADD
445 silly ADD
446 silly ADD
447 silly ADD
448 silly ADD
449 silly ADD
450 silly ADD
451 silly ADD
452 silly ADD
453 silly ADD
454 silly ADD
455 silly ADD
456 silly CHANGE node_modules/@tanstack/react-query
457 silly CHANGE node_modules/@tanstack/query-core
458 silly ADD
459 silly ADD
460 silly ADD
461 silly ADD
462 silly ADD
463 silly ADD
464 silly ADD
465 silly ADD
466 silly ADD
467 silly ADD
468 silly ADD
469 silly ADD
470 silly ADD
471 silly ADD
472 silly ADD
473 silly ADD
474 silly ADD
475 silly ADD
476 silly ADD
477 silly ADD
478 silly ADD
479 silly ADD
480 silly ADD
481 silly ADD
482 silly ADD
483 silly ADD
484 silly ADD
485 silly ADD
486 silly ADD
487 silly ADD
488 silly ADD
489 silly ADD
490 silly ADD
491 silly ADD
492 silly ADD
493 silly ADD
494 silly ADD
495 silly ADD
496 silly ADD
497 silly ADD
498 silly ADD
499 silly ADD
500 silly ADD
501 verbose cwd /Users/bryankier/Work/Task-Flow
502 verbose os Darwin 24.0.0
503 verbose node v22.11.0
504 verbose npm  v10.9.0
505 verbose exit 0
506 info ok
